[ 2019-12-07T18:08:16+08:00 ] 117.136.90.97 /admin
INFO: [ app_init ] --START--
INFO: Run Behavior\BuildLiteBehavior [ RunTime:0.000013s ]
INFO: [ app_init ] --END-- [ RunTime:0.000315s ]
INFO: [ app_begin ] --START--
INFO: Run Behavior\ReadHtmlCacheBehavior [ RunTime:0.000492s ]
INFO: [ app_begin ] --END-- [ RunTime:0.000556s ]
NOTIC: [2048] Declaration of Home\Controller\AdminController::setlogin() should be compatible with Home\Controller\CommonsController::setlogin($id = '', $name = '') /www/wwwroot/a6.jinziyu.club/My/Home/Controller/AdminController.class.php 第 4 行.

[ 2019-12-07T18:08:17+08:00 ] 117.136.90.97 /admin
INFO: [ app_init ] --START--
INFO: Run Behavior\BuildLiteBehavior [ RunTime:0.000012s ]
INFO: [ app_init ] --END-- [ RunTime:0.000314s ]
INFO: [ app_begin ] --START--
INFO: Run Behavior\ReadHtmlCacheBehavior [ RunTime:0.000374s ]
INFO: [ app_begin ] --END-- [ RunTime:0.000410s ]
NOTIC: [2048] Declaration of Home\Controller\AdminController::setlogin() should be compatible with Home\Controller\CommonsController::setlogin($id = '', $name = '') /www/wwwroot/a6.jinziyu.club/My/Home/Controller/AdminController.class.php 第 4 行.

[ 2019-12-07T18:08:17+08:00 ] 117.136.90.97 /Log/login.html
INFO: [ app_init ] --START--
INFO: Run Behavior\BuildLiteBehavior [ RunTime:0.000014s ]
INFO: [ app_init ] --END-- [ RunTime:0.000326s ]
INFO: [ app_begin ] --START--
INFO: Run Behavior\ReadHtmlCacheBehavior [ RunTime:0.000385s ]
INFO: [ app_begin ] --END-- [ RunTime:0.000417s ]
INFO: [ view_parse ] --START--
INFO: [ template_filter ] --START--
INFO: Run Behavior\ContentReplaceBehavior [ RunTime:0.000058s ]
INFO: [ template_filter ] --END-- [ RunTime:0.000118s ]
NOTIC: [8] Undefined variable: titles /www/wwwroot/a6.jinziyu.club/My/Runtime/Cache/Home/7dadd9f764eff1f6ba13c2542ccf3baa.php 第 52 行.
INFO: Run Behavior\ParseTemplateBehavior [ RunTime:0.006233s ]
INFO: [ view_parse ] --END-- [ RunTime:0.006288s ]
INFO: [ view_filter ] --START--
INFO: Run Behavior\WriteHtmlCacheBehavior [ RunTime:0.000186s ]
INFO: [ view_filter ] --END-- [ RunTime:0.000206s ]
INFO: [ app_end ] --START--
INFO: Run Behavior\ShowPageTraceBehavior [ RunTime:0.000539s ]
INFO: [ app_end ] --END-- [ RunTime:0.000577s ]

[ 2019-12-07T18:08:18+08:00 ] 117.136.90.97 /favicon.ico
INFO: [ app_init ] --START--
INFO: Run Behavior\BuildLiteBehavior [ RunTime:0.000012s ]
INFO: [ app_init ] --END-- [ RunTime:0.000299s ]

[ 2019-12-07T18:08:20+08:00 ] 117.136.90.97 /Log/login
INFO: [ app_init ] --START--
INFO: Run Behavior\BuildLiteBehavior [ RunTime:0.000011s ]
INFO: [ app_init ] --END-- [ RunTime:0.000334s ]
INFO: [ app_begin ] --START--
INFO: Run Behavior\ReadHtmlCacheBehavior [ RunTime:0.000357s ]
INFO: [ app_begin ] --END-- [ RunTime:0.000391s ]
SQL: SHOW COLUMNS FROM `h_admin` [ RunTime:0.0010s ]
NOTIC: [8] Undefined variable: validate /www/wwwroot/a6.jinziyu.club/My/Home/Controller/LogController.class.php 第 14 行.
NOTIC: [8] Undefined index: validate /www/wwwroot/a6.jinziyu.club/Name/Library/Think/Model.class.php 第 1185 行.
NOTIC: [8] Undefined index: auto /www/wwwroot/a6.jinziyu.club/Name/Library/Think/Model.class.php 第 1128 行.
SQL: SELECT * FROM `h_admin` WHERE `username` = 'a' AND `password` = '22666d978f0b0b67d420d416ae7ec363' LIMIT 1   [ RunTime:0.0160s ]
INFO: [ view_parse ] --START--
INFO: [ template_filter ] --START--
INFO: Run Behavior\ContentReplaceBehavior [ RunTime:0.000038s ]
INFO: [ template_filter ] --END-- [ RunTime:0.000086s ]
INFO: Run Behavior\ParseTemplateBehavior [ RunTime:0.004456s ]
INFO: [ view_parse ] --END-- [ RunTime:0.004494s ]
INFO: [ view_filter ] --START--
INFO: Run Behavior\WriteHtmlCacheBehavior [ RunTime:0.000192s ]
INFO: [ view_filter ] --END-- [ RunTime:0.000213s ]
INFO: [ app_end ] --START--
INFO: Run Behavior\ShowPageTraceBehavior [ RunTime:0.000479s ]
INFO: [ app_end ] --END-- [ RunTime:0.000512s ]

[ 2019-12-07T18:08:23+08:00 ] 117.136.90.97 /Log/login
INFO: [ app_init ] --START--
INFO: Run Behavior\BuildLiteBehavior [ RunTime:0.000014s ]
INFO: [ app_init ] --END-- [ RunTime:0.000357s ]
INFO: [ app_begin ] --START--
INFO: Run Behavior\ReadHtmlCacheBehavior [ RunTime:0.000400s ]
INFO: [ app_begin ] --END-- [ RunTime:0.000435s ]
SQL: SHOW COLUMNS FROM `h_admin` [ RunTime:0.0010s ]
NOTIC: [8] Undefined variable: validate /www/wwwroot/a6.jinziyu.club/My/Home/Controller/LogController.class.php 第 14 行.
NOTIC: [8] Undefined index: validate /www/wwwroot/a6.jinziyu.club/Name/Library/Think/Model.class.php 第 1185 行.
NOTIC: [8] Undefined index: auto /www/wwwroot/a6.jinziyu.club/Name/Library/Think/Model.class.php 第 1128 行.
SQL: SELECT * FROM `h_admin` WHERE `username` = 'admin' AND `password` = '22666d978f0b0b67d420d416ae7ec363' LIMIT 1   [ RunTime:0.0002s ]
SQL: SHOW COLUMNS FROM `h_admin_login` [ RunTime:0.1131s ]
SQL: INSERT INTO `h_admin_login` (`username`,`logintime`,`loginip`) VALUES ('admin','1575713303','117.136.90.97') [ RunTime:0.0210s ]
SQL: UPDATE `h_admin` SET `lastlogin`='1575713303' WHERE `username` = 'admin' [ RunTime:0.0042s ]
INFO: [ view_parse ] --START--
INFO: [ template_filter ] --START--
INFO: Run Behavior\ContentReplaceBehavior [ RunTime:0.000038s ]
INFO: [ template_filter ] --END-- [ RunTime:0.000096s ]
INFO: Run Behavior\ParseTemplateBehavior [ RunTime:0.004512s ]
INFO: [ view_parse ] --END-- [ RunTime:0.004558s ]
INFO: [ view_filter ] --START--
INFO: Run Behavior\WriteHtmlCacheBehavior [ RunTime:0.000196s ]
INFO: [ view_filter ] --END-- [ RunTime:0.000219s ]

[ 2019-12-07T18:08:24+08:00 ] 117.136.90.97 /Admin/Main_index.html
INFO: [ app_init ] --START--
INFO: Run Behavior\BuildLiteBehavior [ RunTime:0.000014s ]
INFO: [ app_init ] --END-- [ RunTime:0.000320s ]
INFO: [ app_begin ] --START--
INFO: Run Behavior\ReadHtmlCacheBehavior [ RunTime:0.000403s ]
INFO: [ app_begin ] --END-- [ RunTime:0.000436s ]
NOTIC: [2048] Declaration of Home\Controller\AdminController::setlogin() should be compatible with Home\Controller\CommonsController::setlogin($id = '', $name = '') /www/wwwroot/a6.jinziyu.club/My/Home/Controller/AdminController.class.php 第 4 行.
INFO: [ view_parse ] --START--
INFO: [ template_filter ] --START--
INFO: Run Behavior\ContentReplaceBehavior [ RunTime:0.000062s ]
INFO: [ template_filter ] --END-- [ RunTime:0.000113s ]
INFO: Run Behavior\ParseTemplateBehavior [ RunTime:0.068976s ]
INFO: [ view_parse ] --END-- [ RunTime:0.069034s ]
INFO: [ view_filter ] --START--
INFO: Run Behavior\WriteHtmlCacheBehavior [ RunTime:0.000222s ]
INFO: [ view_filter ] --END-- [ RunTime:0.000266s ]
INFO: [ app_end ] --START--
INFO: Run Behavior\ShowPageTraceBehavior [ RunTime:0.000422s ]
INFO: [ app_end ] --END-- [ RunTime:0.000449s ]

[ 2019-12-07T18:08:25+08:00 ] 117.136.90.97 /Admin/js/commonz.js
INFO: [ app_init ] --START--
INFO: Run Behavior\BuildLiteBehavior [ RunTime:0.000018s ]
INFO: [ app_init ] --END-- [ RunTime:0.000362s ]
INFO: [ app_begin ] --START--
INFO: Run Behavior\ReadHtmlCacheBehavior [ RunTime:0.000413s ]
INFO: [ app_begin ] --END-- [ RunTime:0.000447s ]
NOTIC: [2048] Declaration of Home\Controller\AdminController::setlogin() should be compatible with Home\Controller\CommonsController::setlogin($id = '', $name = '') /www/wwwroot/a6.jinziyu.club/My/Home/Controller/AdminController.class.php 第 4 行.
ERR: 非法操作:js

[ 2019-12-07T18:08:26+08:00 ] 117.136.90.97 /Admin/System_index.html
INFO: [ app_init ] --START--
INFO: Run Behavior\BuildLiteBehavior [ RunTime:0.000011s ]
INFO: [ app_init ] --END-- [ RunTime:0.000293s ]
INFO: [ app_begin ] --START--
INFO: Run Behavior\ReadHtmlCacheBehavior [ RunTime:0.000344s ]
INFO: [ app_begin ] --END-- [ RunTime:0.000378s ]
NOTIC: [2048] Declaration of Home\Controller\AdminController::setlogin() should be compatible with Home\Controller\CommonsController::setlogin($id = '', $name = '') /www/wwwroot/a6.jinziyu.club/My/Home/Controller/AdminController.class.php 第 4 行.
SQL: SHOW COLUMNS FROM `h_admin` [ RunTime:0.0010s ]
SQL: SELECT * FROM `h_admin` WHERE `id` = 3 LIMIT 1   [ RunTime:0.0002s ]
INFO: [ view_parse ] --START--
INFO: [ template_filter ] --START--
INFO: Run Behavior\ContentReplaceBehavior [ RunTime:0.000110s ]
INFO: [ template_filter ] --END-- [ RunTime:0.000158s ]
NOTIC: [8] Undefined variable: page /www/wwwroot/a6.jinziyu.club/My/Runtime/Cache/Home/a5783b6cb972e61543f231f51fee22f2.php 第 576 行.
INFO: Run Behavior\ParseTemplateBehavior [ RunTime:0.030068s ]
INFO: [ view_parse ] --END-- [ RunTime:0.030116s ]
INFO: [ view_filter ] --START--
INFO: Run Behavior\WriteHtmlCacheBehavior [ RunTime:0.000232s ]
INFO: [ view_filter ] --END-- [ RunTime:0.000301s ]
INFO: [ app_end ] --START--
INFO: Run Behavior\ShowPageTraceBehavior [ RunTime:0.000482s ]
INFO: [ app_end ] --END-- [ RunTime:0.000513s ]

[ 2019-12-07T18:10:20+08:00 ] 117.136.90.97 /Admin/jieshen.html
INFO: [ app_init ] --START--
INFO: Run Behavior\BuildLiteBehavior [ RunTime:0.000016s ]
INFO: [ app_init ] --END-- [ RunTime:0.000366s ]
INFO: [ app_begin ] --START--
INFO: Run Behavior\ReadHtmlCacheBehavior [ RunTime:0.000458s ]
INFO: [ app_begin ] --END-- [ RunTime:0.000496s ]
NOTIC: [2048] Declaration of Home\Controller\AdminController::setlogin() should be compatible with Home\Controller\CommonsController::setlogin($id = '', $name = '') /www/wwwroot/a6.jinziyu.club/My/Home/Controller/AdminController.class.php 第 4 行.
SQL: SHOW COLUMNS FROM `h_shuju` [ RunTime:0.0010s ]
SQL: SHOW COLUMNS FROM `h_qudao` [ RunTime:0.0316s ]
SQL: SHOW COLUMNS FROM `h_user` [ RunTime:0.0011s ]
NOTIC: [8] Undefined variable: map /www/wwwroot/a6.jinziyu.club/My/Home/Controller/AdminController.class.php 第 3299 行.
SQL: SELECT COUNT(*) AS tp_count FROM `h_shuju` LIMIT 1   [ RunTime:0.0001s ]
NOTIC: [8] Undefined variable: map /www/wwwroot/a6.jinziyu.club/My/Home/Controller/AdminController.class.php 第 3305 行.
SQL: SELECT * FROM `h_shuju` ORDER BY addtime desc LIMIT 0,20   [ RunTime:0.0001s ]
INFO: [ view_parse ] --START--
INFO: [ template_filter ] --START--
INFO: Run Behavior\ContentReplaceBehavior [ RunTime:0.000078s ]
INFO: [ template_filter ] --END-- [ RunTime:0.000139s ]
INFO: Run Behavior\ParseTemplateBehavior [ RunTime:0.087689s ]
INFO: [ view_parse ] --END-- [ RunTime:0.087740s ]
INFO: [ view_filter ] --START--
INFO: Run Behavior\WriteHtmlCacheBehavior [ RunTime:0.000236s ]
INFO: [ view_filter ] --END-- [ RunTime:0.000260s ]
INFO: [ app_end ] --START--
INFO: Run Behavior\ShowPageTraceBehavior [ RunTime:0.000454s ]
INFO: [ app_end ] --END-- [ RunTime:0.000487s ]

[ 2019-12-07T18:10:23+08:00 ] 117.136.90.97 /Admin/jieshen.html
INFO: [ app_init ] --START--
INFO: Run Behavior\BuildLiteBehavior [ RunTime:0.000017s ]
INFO: [ app_init ] --END-- [ RunTime:0.000364s ]
INFO: [ app_begin ] --START--
INFO: Run Behavior\ReadHtmlCacheBehavior [ RunTime:0.000385s ]
INFO: [ app_begin ] --END-- [ RunTime:0.000425s ]
NOTIC: [2048] Declaration of Home\Controller\AdminController::setlogin() should be compatible with Home\Controller\CommonsController::setlogin($id = '', $name = '') /www/wwwroot/a6.jinziyu.club/My/Home/Controller/AdminController.class.php 第 4 行.
SQL: SHOW COLUMNS FROM `h_shuju` [ RunTime:0.0009s ]
SQL: SHOW COLUMNS FROM `h_qudao` [ RunTime:0.0008s ]
SQL: SHOW COLUMNS FROM `h_user` [ RunTime:0.0008s ]
NOTIC: [8] Undefined variable: map /www/wwwroot/a6.jinziyu.club/My/Home/Controller/AdminController.class.php 第 3299 行.
SQL: SELECT COUNT(*) AS tp_count FROM `h_shuju` LIMIT 1   [ RunTime:0.0001s ]
NOTIC: [8] Undefined variable: map /www/wwwroot/a6.jinziyu.club/My/Home/Controller/AdminController.class.php 第 3305 行.
SQL: SELECT * FROM `h_shuju` ORDER BY addtime desc LIMIT 0,20   [ RunTime:0.0001s ]
INFO: [ view_parse ] --START--
INFO: [ template_filter ] --START--
INFO: Run Behavior\ContentReplaceBehavior [ RunTime:0.000103s ]
INFO: [ template_filter ] --END-- [ RunTime:0.000171s ]
INFO: Run Behavior\ParseTemplateBehavior [ RunTime:0.010940s ]
INFO: [ view_parse ] --END-- [ RunTime:0.010985s ]
INFO: [ view_filter ] --START--
INFO: Run Behavior\WriteHtmlCacheBehavior [ RunTime:0.000210s ]
INFO: [ view_filter ] --END-- [ RunTime:0.000230s ]
INFO: [ app_end ] --START--
INFO: Run Behavior\ShowPageTraceBehavior [ RunTime:0.000443s ]
INFO: [ app_end ] --END-- [ RunTime:0.000478s ]

[ 2019-12-07T18:10:24+08:00 ] 117.136.90.97 /Admin/jieshen.html
INFO: [ app_init ] --START--
INFO: Run Behavior\BuildLiteBehavior [ RunTime:0.000016s ]
INFO: [ app_init ] --END-- [ RunTime:0.000342s ]
INFO: [ app_begin ] --START--
INFO: Run Behavior\ReadHtmlCacheBehavior [ RunTime:0.000384s ]
INFO: [ app_begin ] --END-- [ RunTime:0.000429s ]
NOTIC: [2048] Declaration of Home\Controller\AdminController::setlogin() should be compatible with Home\Controller\CommonsController::setlogin($id = '', $name = '') /www/wwwroot/a6.jinziyu.club/My/Home/Controller/AdminController.class.php 第 4 行.
SQL: SHOW COLUMNS FROM `h_shuju` [ RunTime:0.0010s ]
SQL: SHOW COLUMNS FROM `h_qudao` [ RunTime:0.0008s ]
SQL: SHOW COLUMNS FROM `h_user` [ RunTime:0.0008s ]
NOTIC: [8] Undefined variable: map /www/wwwroot/a6.jinziyu.club/My/Home/Controller/AdminController.class.php 第 3299 行.
SQL: SELECT COUNT(*) AS tp_count FROM `h_shuju` LIMIT 1   [ RunTime:0.0001s ]
NOTIC: [8] Undefined variable: map /www/wwwroot/a6.jinziyu.club/My/Home/Controller/AdminController.class.php 第 3305 行.
SQL: SELECT * FROM `h_shuju` ORDER BY addtime desc LIMIT 0,20   [ RunTime:0.0001s ]
INFO: [ view_parse ] --START--
INFO: [ template_filter ] --START--
INFO: Run Behavior\ContentReplaceBehavior [ RunTime:0.000071s ]
INFO: [ template_filter ] --END-- [ RunTime:0.000119s ]
INFO: Run Behavior\ParseTemplateBehavior [ RunTime:0.009914s ]
INFO: [ view_parse ] --END-- [ RunTime:0.009956s ]
INFO: [ view_filter ] --START--
INFO: Run Behavior\WriteHtmlCacheBehavior [ RunTime:0.000397s ]
INFO: [ view_filter ] --END-- [ RunTime:0.000424s ]
INFO: [ app_end ] --START--
INFO: Run Behavior\ShowPageTraceBehavior [ RunTime:0.000391s ]
INFO: [ app_end ] --END-- [ RunTime:0.000416s ]

[ 2019-12-07T18:10:28+08:00 ] 117.136.90.97 /Admin/jieshen.html
INFO: [ app_init ] --START--
INFO: Run Behavior\BuildLiteBehavior [ RunTime:0.000013s ]
INFO: [ app_init ] --END-- [ RunTime:0.000372s ]
INFO: [ app_begin ] --START--
INFO: Run Behavior\ReadHtmlCacheBehavior [ RunTime:0.000424s ]
INFO: [ app_begin ] --END-- [ RunTime:0.000461s ]
NOTIC: [2048] Declaration of Home\Controller\AdminController::setlogin() should be compatible with Home\Controller\CommonsController::setlogin($id = '', $name = '') /www/wwwroot/a6.jinziyu.club/My/Home/Controller/AdminController.class.php 第 4 行.
SQL: SHOW COLUMNS FROM `h_shuju` [ RunTime:0.0010s ]
SQL: SHOW COLUMNS FROM `h_qudao` [ RunTime:0.0010s ]
SQL: SHOW COLUMNS FROM `h_user` [ RunTime:0.0008s ]
NOTIC: [8] Undefined variable: map /www/wwwroot/a6.jinziyu.club/My/Home/Controller/AdminController.class.php 第 3299 行.
SQL: SELECT COUNT(*) AS tp_count FROM `h_shuju` LIMIT 1   [ RunTime:0.0001s ]
NOTIC: [8] Undefined variable: map /www/wwwroot/a6.jinziyu.club/My/Home/Controller/AdminController.class.php 第 3305 行.
SQL: SELECT * FROM `h_shuju` ORDER BY addtime desc LIMIT 0,20   [ RunTime:0.0001s ]
INFO: [ view_parse ] --START--
INFO: [ template_filter ] --START--
INFO: Run Behavior\ContentReplaceBehavior [ RunTime:0.000077s ]
INFO: [ template_filter ] --END-- [ RunTime:0.000127s ]
INFO: Run Behavior\ParseTemplateBehavior [ RunTime:0.010467s ]
INFO: [ view_parse ] --END-- [ RunTime:0.010515s ]
INFO: [ view_filter ] --START--
INFO: Run Behavior\WriteHtmlCacheBehavior [ RunTime:0.000235s ]
INFO: [ view_filter ] --END-- [ RunTime:0.000257s ]
INFO: [ app_end ] --START--
INFO: Run Behavior\ShowPageTraceBehavior [ RunTime:0.000445s ]
INFO: [ app_end ] --END-- [ RunTime:0.000490s ]

[ 2019-12-07T18:10:31+08:00 ] 117.136.90.97 /Admin/jieshen.html
INFO: [ app_init ] --START--
INFO: Run Behavior\BuildLiteBehavior [ RunTime:0.000013s ]
INFO: [ app_init ] --END-- [ RunTime:0.000328s ]
INFO: [ app_begin ] --START--
INFO: Run Behavior\ReadHtmlCacheBehavior [ RunTime:0.000389s ]
INFO: [ app_begin ] --END-- [ RunTime:0.000427s ]
NOTIC: [2048] Declaration of Home\Controller\AdminController::setlogin() should be compatible with Home\Controller\CommonsController::setlogin($id = '', $name = '') /www/wwwroot/a6.jinziyu.club/My/Home/Controller/AdminController.class.php 第 4 行.
SQL: SHOW COLUMNS FROM `h_shuju` [ RunTime:0.0011s ]
SQL: SHOW COLUMNS FROM `h_qudao` [ RunTime:0.0028s ]
SQL: SHOW COLUMNS FROM `h_user` [ RunTime:0.0008s ]
NOTIC: [8] Undefined variable: map /www/wwwroot/a6.jinziyu.club/My/Home/Controller/AdminController.class.php 第 3299 行.
SQL: SELECT COUNT(*) AS tp_count FROM `h_shuju` LIMIT 1   [ RunTime:0.0001s ]
NOTIC: [8] Undefined variable: map /www/wwwroot/a6.jinziyu.club/My/Home/Controller/AdminController.class.php 第 3305 行.
SQL: SELECT * FROM `h_shuju` ORDER BY addtime desc LIMIT 0,20   [ RunTime:0.0001s ]
INFO: [ view_parse ] --START--
INFO: [ template_filter ] --START--
INFO: Run Behavior\ContentReplaceBehavior [ RunTime:0.000077s ]
INFO: [ template_filter ] --END-- [ RunTime:0.000126s ]
INFO: Run Behavior\ParseTemplateBehavior [ RunTime:0.010493s ]
INFO: [ view_parse ] --END-- [ RunTime:0.010542s ]
INFO: [ view_filter ] --START--
INFO: Run Behavior\WriteHtmlCacheBehavior [ RunTime:0.000241s ]
INFO: [ view_filter ] --END-- [ RunTime:0.000262s ]
INFO: [ app_end ] --START--
INFO: Run Behavior\ShowPageTraceBehavior [ RunTime:0.000420s ]
INFO: [ app_end ] --END-- [ RunTime:0.000454s ]

[ 2019-12-07T18:10:34+08:00 ] 117.136.90.97 /Admin/jieshen.html
INFO: [ app_init ] --START--
INFO: Run Behavior\BuildLiteBehavior [ RunTime:0.000014s ]
INFO: [ app_init ] --END-- [ RunTime:0.000357s ]
INFO: [ app_begin ] --START--
INFO: Run Behavior\ReadHtmlCacheBehavior [ RunTime:0.000417s ]
INFO: [ app_begin ] --END-- [ RunTime:0.000454s ]
NOTIC: [2048] Declaration of Home\Controller\AdminController::setlogin() should be compatible with Home\Controller\CommonsController::setlogin($id = '', $name = '') /www/wwwroot/a6.jinziyu.club/My/Home/Controller/AdminController.class.php 第 4 行.
SQL: SHOW COLUMNS FROM `h_shuju` [ RunTime:0.0010s ]
SQL: SHOW COLUMNS FROM `h_qudao` [ RunTime:0.0008s ]
SQL: SHOW COLUMNS FROM `h_user` [ RunTime:0.0008s ]
NOTIC: [8] Undefined variable: map /www/wwwroot/a6.jinziyu.club/My/Home/Controller/AdminController.class.php 第 3299 行.
SQL: SELECT COUNT(*) AS tp_count FROM `h_shuju` LIMIT 1   [ RunTime:0.0001s ]
NOTIC: [8] Undefined variable: map /www/wwwroot/a6.jinziyu.club/My/Home/Controller/AdminController.class.php 第 3305 行.
SQL: SELECT * FROM `h_shuju` ORDER BY addtime desc LIMIT 0,20   [ RunTime:0.0002s ]
INFO: [ view_parse ] --START--
INFO: [ template_filter ] --START--
INFO: Run Behavior\ContentReplaceBehavior [ RunTime:0.000078s ]
INFO: [ template_filter ] --END-- [ RunTime:0.000145s ]
INFO: Run Behavior\ParseTemplateBehavior [ RunTime:0.011869s ]
INFO: [ view_parse ] --END-- [ RunTime:0.011918s ]
INFO: [ view_filter ] --START--
INFO: Run Behavior\WriteHtmlCacheBehavior [ RunTime:0.000232s ]
INFO: [ view_filter ] --END-- [ RunTime:0.000261s ]
INFO: [ app_end ] --START--
INFO: Run Behavior\ShowPageTraceBehavior [ RunTime:0.000422s ]
INFO: [ app_end ] --END-- [ RunTime:0.000450s ]

[ 2019-12-07T18:10:37+08:00 ] 117.136.90.97 /Admin/jieshen.html
INFO: [ app_init ] --START--
INFO: Run Behavior\BuildLiteBehavior [ RunTime:0.000029s ]
INFO: [ app_init ] --END-- [ RunTime:0.000345s ]
INFO: [ app_begin ] --START--
INFO: Run Behavior\ReadHtmlCacheBehavior [ RunTime:0.000400s ]
INFO: [ app_begin ] --END-- [ RunTime:0.000436s ]
NOTIC: [2048] Declaration of Home\Controller\AdminController::setlogin() should be compatible with Home\Controller\CommonsController::setlogin($id = '', $name = '') /www/wwwroot/a6.jinziyu.club/My/Home/Controller/AdminController.class.php 第 4 行.
SQL: SHOW COLUMNS FROM `h_shuju` [ RunTime:0.0011s ]
SQL: SHOW COLUMNS FROM `h_qudao` [ RunTime:0.0009s ]
SQL: SHOW COLUMNS FROM `h_user` [ RunTime:0.0007s ]
NOTIC: [8] Undefined variable: map /www/wwwroot/a6.jinziyu.club/My/Home/Controller/AdminController.class.php 第 3299 行.
SQL: SELECT COUNT(*) AS tp_count FROM `h_shuju` LIMIT 1   [ RunTime:0.0001s ]
NOTIC: [8] Undefined variable: map /www/wwwroot/a6.jinziyu.club/My/Home/Controller/AdminController.class.php 第 3305 行.
SQL: SELECT * FROM `h_shuju` ORDER BY addtime desc LIMIT 0,20   [ RunTime:0.0001s ]
INFO: [ view_parse ] --START--
INFO: [ template_filter ] --START--
INFO: Run Behavior\ContentReplaceBehavior [ RunTime:0.000075s ]
INFO: [ template_filter ] --END-- [ RunTime:0.000133s ]
INFO: Run Behavior\ParseTemplateBehavior [ RunTime:0.010242s ]
INFO: [ view_parse ] --END-- [ RunTime:0.010283s ]
INFO: [ view_filter ] --START--
INFO: Run Behavior\WriteHtmlCacheBehavior [ RunTime:0.000222s ]
INFO: [ view_filter ] --END-- [ RunTime:0.000247s ]
INFO: [ app_end ] --START--
INFO: Run Behavior\ShowPageTraceBehavior [ RunTime:0.000430s ]
INFO: [ app_end ] --END-- [ RunTime:0.000461s ]

[ 2019-12-07T18:10:41+08:00 ] 117.136.90.97 /Admin/jieshen.html
INFO: [ app_init ] --START--
INFO: Run Behavior\BuildLiteBehavior [ RunTime:0.000013s ]
INFO: [ app_init ] --END-- [ RunTime:0.000311s ]
INFO: [ app_begin ] --START--
INFO: Run Behavior\ReadHtmlCacheBehavior [ RunTime:0.000364s ]
INFO: [ app_begin ] --END-- [ RunTime:0.000396s ]
NOTIC: [2048] Declaration of Home\Controller\AdminController::setlogin() should be compatible with Home\Controller\CommonsController::setlogin($id = '', $name = '') /www/wwwroot/a6.jinziyu.club/My/Home/Controller/AdminController.class.php 第 4 行.
SQL: SHOW COLUMNS FROM `h_shuju` [ RunTime:0.0009s ]
SQL: SHOW COLUMNS FROM `h_qudao` [ RunTime:0.0008s ]
SQL: SHOW COLUMNS FROM `h_user` [ RunTime:0.0007s ]
NOTIC: [8] Undefined variable: map /www/wwwroot/a6.jinziyu.club/My/Home/Controller/AdminController.class.php 第 3299 行.
SQL: SELECT COUNT(*) AS tp_count FROM `h_shuju` LIMIT 1   [ RunTime:0.0001s ]
NOTIC: [8] Undefined variable: map /www/wwwroot/a6.jinziyu.club/My/Home/Controller/AdminController.class.php 第 3305 行.
SQL: SELECT * FROM `h_shuju` ORDER BY addtime desc LIMIT 0,20   [ RunTime:0.0001s ]
INFO: [ view_parse ] --START--
INFO: [ template_filter ] --START--
INFO: Run Behavior\ContentReplaceBehavior [ RunTime:0.000074s ]
INFO: [ template_filter ] --END-- [ RunTime:0.000125s ]
INFO: Run Behavior\ParseTemplateBehavior [ RunTime:0.010006s ]
INFO: [ view_parse ] --END-- [ RunTime:0.010051s ]
INFO: [ view_filter ] --START--
INFO: Run Behavior\WriteHtmlCacheBehavior [ RunTime:0.000212s ]
INFO: [ view_filter ] --END-- [ RunTime:0.000268s ]
INFO: [ app_end ] --START--
INFO: Run Behavior\ShowPageTraceBehavior [ RunTime:0.000408s ]
INFO: [ app_end ] --END-- [ RunTime:0.000433s ]

[ 2019-12-07T18:10:44+08:00 ] 117.136.90.97 /Admin/jieshen.html
INFO: [ app_init ] --START--
INFO: Run Behavior\BuildLiteBehavior [ RunTime:0.000013s ]
INFO: [ app_init ] --END-- [ RunTime:0.000340s ]
INFO: [ app_begin ] --START--
INFO: Run Behavior\ReadHtmlCacheBehavior [ RunTime:0.000403s ]
INFO: [ app_begin ] --END-- [ RunTime:0.000440s ]
NOTIC: [2048] Declaration of Home\Controller\AdminController::setlogin() should be compatible with Home\Controller\CommonsController::setlogin($id = '', $name = '') /www/wwwroot/a6.jinziyu.club/My/Home/Controller/AdminController.class.php 第 4 行.
SQL: SHOW COLUMNS FROM `h_shuju` [ RunTime:0.0011s ]
SQL: SHOW COLUMNS FROM `h_qudao` [ RunTime:0.0012s ]
SQL: SHOW COLUMNS FROM `h_user` [ RunTime:0.0008s ]
NOTIC: [8] Undefined variable: map /www/wwwroot/a6.jinziyu.club/My/Home/Controller/AdminController.class.php 第 3299 行.
SQL: SELECT COUNT(*) AS tp_count FROM `h_shuju` LIMIT 1   [ RunTime:0.0001s ]
NOTIC: [8] Undefined variable: map /www/wwwroot/a6.jinziyu.club/My/Home/Controller/AdminController.class.php 第 3305 行.
SQL: SELECT * FROM `h_shuju` ORDER BY addtime desc LIMIT 0,20   [ RunTime:0.0001s ]
INFO: [ view_parse ] --START--
INFO: [ template_filter ] --START--
INFO: Run Behavior\ContentReplaceBehavior [ RunTime:0.000076s ]
INFO: [ template_filter ] --END-- [ RunTime:0.000129s ]
INFO: Run Behavior\ParseTemplateBehavior [ RunTime:0.009936s ]
INFO: [ view_parse ] --END-- [ RunTime:0.009977s ]
INFO: [ view_filter ] --START--
INFO: Run Behavior\WriteHtmlCacheBehavior [ RunTime:0.000211s ]
INFO: [ view_filter ] --END-- [ RunTime:0.000232s ]
INFO: [ app_end ] --START--
INFO: Run Behavior\ShowPageTraceBehavior [ RunTime:0.000454s ]
INFO: [ app_end ] --END-- [ RunTime:0.000481s ]

[ 2019-12-07T18:10:48+08:00 ] 117.136.90.97 /Admin/jieshen.html
INFO: [ app_init ] --START--
INFO: Run Behavior\BuildLiteBehavior [ RunTime:0.000012s ]
INFO: [ app_init ] --END-- [ RunTime:0.000327s ]
INFO: [ app_begin ] --START--
INFO: Run Behavior\ReadHtmlCacheBehavior [ RunTime:0.000394s ]
INFO: [ app_begin ] --END-- [ RunTime:0.000436s ]
NOTIC: [2048] Declaration of Home\Controller\AdminController::setlogin() should be compatible with Home\Controller\CommonsController::setlogin($id = '', $name = '') /www/wwwroot/a6.jinziyu.club/My/Home/Controller/AdminController.class.php 第 4 行.
SQL: SHOW COLUMNS FROM `h_shuju` [ RunTime:0.0010s ]
SQL: SHOW COLUMNS FROM `h_qudao` [ RunTime:0.0008s ]
SQL: SHOW COLUMNS FROM `h_user` [ RunTime:0.0007s ]
NOTIC: [8] Undefined variable: map /www/wwwroot/a6.jinziyu.club/My/Home/Controller/AdminController.class.php 第 3299 行.
SQL: SELECT COUNT(*) AS tp_count FROM `h_shuju` LIMIT 1   [ RunTime:0.0001s ]
NOTIC: [8] Undefined variable: map /www/wwwroot/a6.jinziyu.club/My/Home/Controller/AdminController.class.php 第 3305 行.
SQL: SELECT * FROM `h_shuju` ORDER BY addtime desc LIMIT 0,20   [ RunTime:0.0001s ]
INFO: [ view_parse ] --START--
INFO: [ template_filter ] --START--
INFO: Run Behavior\ContentReplaceBehavior [ RunTime:0.000077s ]
INFO: [ template_filter ] --END-- [ RunTime:0.000129s ]
INFO: Run Behavior\ParseTemplateBehavior [ RunTime:0.010994s ]
INFO: [ view_parse ] --END-- [ RunTime:0.011038s ]
INFO: [ view_filter ] --START--
INFO: Run Behavior\WriteHtmlCacheBehavior [ RunTime:0.000214s ]
INFO: [ view_filter ] --END-- [ RunTime:0.000235s ]
INFO: [ app_end ] --START--
INFO: Run Behavior\ShowPageTraceBehavior [ RunTime:0.000424s ]
INFO: [ app_end ] --END-- [ RunTime:0.000452s ]

[ 2019-12-07T18:10:51+08:00 ] 117.136.90.97 /Admin/jieshen.html
INFO: [ app_init ] --START--
INFO: Run Behavior\BuildLiteBehavior [ RunTime:0.000014s ]
INFO: [ app_init ] --END-- [ RunTime:0.000313s ]
INFO: [ app_begin ] --START--
INFO: Run Behavior\ReadHtmlCacheBehavior [ RunTime:0.000360s ]
INFO: [ app_begin ] --END-- [ RunTime:0.000393s ]
NOTIC: [2048] Declaration of Home\Controller\AdminController::setlogin() should be compatible with Home\Controller\CommonsController::setlogin($id = '', $name = '') /www/wwwroot/a6.jinziyu.club/My/Home/Controller/AdminController.class.php 第 4 行.
SQL: SHOW COLUMNS FROM `h_shuju` [ RunTime:0.0010s ]
SQL: SHOW COLUMNS FROM `h_qudao` [ RunTime:0.0008s ]
SQL: SHOW COLUMNS FROM `h_user` [ RunTime:0.0008s ]
NOTIC: [8] Undefined variable: map /www/wwwroot/a6.jinziyu.club/My/Home/Controller/AdminController.class.php 第 3299 行.
SQL: SELECT COUNT(*) AS tp_count FROM `h_shuju` LIMIT 1   [ RunTime:0.0001s ]
NOTIC: [8] Undefined variable: map /www/wwwroot/a6.jinziyu.club/My/Home/Controller/AdminController.class.php 第 3305 行.
SQL: SELECT * FROM `h_shuju` ORDER BY addtime desc LIMIT 0,20   [ RunTime:0.0001s ]
INFO: [ view_parse ] --START--
INFO: [ template_filter ] --START--
INFO: Run Behavior\ContentReplaceBehavior [ RunTime:0.000076s ]
INFO: [ template_filter ] --END-- [ RunTime:0.000125s ]
INFO: Run Behavior\ParseTemplateBehavior [ RunTime:0.010532s ]
INFO: [ view_parse ] --END-- [ RunTime:0.010579s ]
INFO: [ view_filter ] --START--
INFO: Run Behavior\WriteHtmlCacheBehavior [ RunTime:0.000225s ]
INFO: [ view_filter ] --END-- [ RunTime:0.000246s ]
INFO: [ app_end ] --START--
INFO: Run Behavior\ShowPageTraceBehavior [ RunTime:0.000415s ]
INFO: [ app_end ] --END-- [ RunTime:0.000441s ]

[ 2019-12-07T18:10:54+08:00 ] 117.136.90.97 /Admin/jieshen.html
INFO: [ app_init ] --START--
INFO: Run Behavior\BuildLiteBehavior [ RunTime:0.000013s ]
INFO: [ app_init ] --END-- [ RunTime:0.000322s ]
INFO: [ app_begin ] --START--
INFO: Run Behavior\ReadHtmlCacheBehavior [ RunTime:0.000365s ]
INFO: [ app_begin ] --END-- [ RunTime:0.000413s ]
NOTIC: [2048] Declaration of Home\Controller\AdminController::setlogin() should be compatible with Home\Controller\CommonsController::setlogin($id = '', $name = '') /www/wwwroot/a6.jinziyu.club/My/Home/Controller/AdminController.class.php 第 4 行.
SQL: SHOW COLUMNS FROM `h_shuju` [ RunTime:0.0011s ]
SQL: SHOW COLUMNS FROM `h_qudao` [ RunTime:0.0009s ]
SQL: SHOW COLUMNS FROM `h_user` [ RunTime:0.0009s ]
NOTIC: [8] Undefined variable: map /www/wwwroot/a6.jinziyu.club/My/Home/Controller/AdminController.class.php 第 3299 行.
SQL: SELECT COUNT(*) AS tp_count FROM `h_shuju` LIMIT 1   [ RunTime:0.0002s ]
NOTIC: [8] Undefined variable: map /www/wwwroot/a6.jinziyu.club/My/Home/Controller/AdminController.class.php 第 3305 行.
SQL: SELECT * FROM `h_shuju` ORDER BY addtime desc LIMIT 0,20   [ RunTime:0.0001s ]
INFO: [ view_parse ] --START--
INFO: [ template_filter ] --START--
INFO: Run Behavior\ContentReplaceBehavior [ RunTime:0.000076s ]
INFO: [ template_filter ] --END-- [ RunTime:0.000136s ]
INFO: Run Behavior\ParseTemplateBehavior [ RunTime:0.011307s ]
INFO: [ view_parse ] --END-- [ RunTime:0.011357s ]
INFO: [ view_filter ] --START--
INFO: Run Behavior\WriteHtmlCacheBehavior [ RunTime:0.000262s ]
INFO: [ view_filter ] --END-- [ RunTime:0.000290s ]
INFO: [ app_end ] --START--
INFO: Run Behavior\ShowPageTraceBehavior [ RunTime:0.000526s ]
INFO: [ app_end ] --END-- [ RunTime:0.000572s ]

[ 2019-12-07T18:10:55+08:00 ] 117.136.90.97 /Admin/System_index.html
INFO: [ app_init ] --START--
INFO: Run Behavior\BuildLiteBehavior [ RunTime:0.000016s ]
INFO: [ app_init ] --END-- [ RunTime:0.000355s ]
INFO: [ app_begin ] --START--
INFO: Run Behavior\ReadHtmlCacheBehavior [ RunTime:0.000410s ]
INFO: [ app_begin ] --END-- [ RunTime:0.000452s ]
NOTIC: [2048] Declaration of Home\Controller\AdminController::setlogin() should be compatible with Home\Controller\CommonsController::setlogin($id = '', $name = '') /www/wwwroot/a6.jinziyu.club/My/Home/Controller/AdminController.class.php 第 4 行.
SQL: SHOW COLUMNS FROM `h_admin` [ RunTime:0.0010s ]
SQL: SELECT * FROM `h_admin` WHERE `id` = 3 LIMIT 1   [ RunTime:0.0003s ]
INFO: [ view_parse ] --START--
INFO: [ template_filter ] --START--
INFO: Run Behavior\ContentReplaceBehavior [ RunTime:0.000115s ]
INFO: [ template_filter ] --END-- [ RunTime:0.000187s ]
NOTIC: [8] Undefined variable: page /www/wwwroot/a6.jinziyu.club/My/Runtime/Cache/Home/a5783b6cb972e61543f231f51fee22f2.php 第 576 行.
INFO: Run Behavior\ParseTemplateBehavior [ RunTime:0.010808s ]
INFO: [ view_parse ] --END-- [ RunTime:0.010842s ]
INFO: [ view_filter ] --START--
INFO: Run Behavior\WriteHtmlCacheBehavior [ RunTime:0.000233s ]
INFO: [ view_filter ] --END-- [ RunTime:0.000256s ]
INFO: [ app_end ] --START--
INFO: Run Behavior\ShowPageTraceBehavior [ RunTime:0.000407s ]
INFO: [ app_end ] --END-- [ RunTime:0.000434s ]

[ 2019-12-07T18:11:59+08:00 ] 117.136.90.97 /favicon.ico
INFO: [ app_init ] --START--
INFO: Run Behavior\BuildLiteBehavior [ RunTime:0.000013s ]
INFO: [ app_init ] --END-- [ RunTime:0.000300s ]

[ 2019-12-07T18:20:02+08:00 ] 117.136.90.97 /Admin/System_index.html
INFO: [ app_init ] --START--
INFO: Run Behavior\BuildLiteBehavior [ RunTime:0.000013s ]
INFO: [ app_init ] --END-- [ RunTime:0.000328s ]
INFO: [ app_begin ] --START--
INFO: Run Behavior\ReadHtmlCacheBehavior [ RunTime:0.000399s ]
INFO: [ app_begin ] --END-- [ RunTime:0.000463s ]
NOTIC: [2048] Declaration of Home\Controller\AdminController::setlogin() should be compatible with Home\Controller\CommonsController::setlogin($id = '', $name = '') /www/wwwroot/a6.jinziyu.club/My/Home/Controller/AdminController.class.php 第 4 行.
SQL: SHOW COLUMNS FROM `h_admin` [ RunTime:0.0010s ]
SQL: SELECT * FROM `h_admin` WHERE `id` = 3 LIMIT 1   [ RunTime:0.0001s ]
INFO: [ view_parse ] --START--
INFO: [ template_filter ] --START--
INFO: Run Behavior\ContentReplaceBehavior [ RunTime:0.000134s ]
INFO: [ template_filter ] --END-- [ RunTime:0.000218s ]
NOTIC: [8] Undefined variable: page /www/wwwroot/a6.jinziyu.club/My/Runtime/Cache/Home/a5783b6cb972e61543f231f51fee22f2.php 第 576 行.
INFO: Run Behavior\ParseTemplateBehavior [ RunTime:0.012794s ]
INFO: [ view_parse ] --END-- [ RunTime:0.012842s ]
INFO: [ view_filter ] --START--
INFO: Run Behavior\WriteHtmlCacheBehavior [ RunTime:0.000303s ]
INFO: [ view_filter ] --END-- [ RunTime:0.000337s ]
INFO: [ app_end ] --START--
INFO: Run Behavior\ShowPageTraceBehavior [ RunTime:0.000481s ]
INFO: [ app_end ] --END-- [ RunTime:0.000514s ]

[ 2019-12-07T18:20:14+08:00 ] 117.136.90.97 /Admin/jieshen.html
INFO: [ app_init ] --START--
INFO: Run Behavior\BuildLiteBehavior [ RunTime:0.000012s ]
INFO: [ app_init ] --END-- [ RunTime:0.000345s ]
INFO: [ app_begin ] --START--
INFO: Run Behavior\ReadHtmlCacheBehavior [ RunTime:0.000389s ]
INFO: [ app_begin ] --END-- [ RunTime:0.000422s ]
NOTIC: [2048] Declaration of Home\Controller\AdminController::setlogin() should be compatible with Home\Controller\CommonsController::setlogin($id = '', $name = '') /www/wwwroot/a6.jinziyu.club/My/Home/Controller/AdminController.class.php 第 4 行.
SQL: SHOW COLUMNS FROM `h_shuju` [ RunTime:0.0011s ]
SQL: SHOW COLUMNS FROM `h_qudao` [ RunTime:0.0037s ]
SQL: SHOW COLUMNS FROM `h_user` [ RunTime:0.0009s ]
NOTIC: [8] Undefined variable: map /www/wwwroot/a6.jinziyu.club/My/Home/Controller/AdminController.class.php 第 3299 行.
SQL: SELECT COUNT(*) AS tp_count FROM `h_shuju` LIMIT 1   [ RunTime:0.0001s ]
NOTIC: [8] Undefined variable: map /www/wwwroot/a6.jinziyu.club/My/Home/Controller/AdminController.class.php 第 3305 行.
SQL: SELECT * FROM `h_shuju` ORDER BY addtime desc LIMIT 0,20   [ RunTime:0.0001s ]
INFO: [ view_parse ] --START--
INFO: [ template_filter ] --START--
INFO: Run Behavior\ContentReplaceBehavior [ RunTime:0.000078s ]
INFO: [ template_filter ] --END-- [ RunTime:0.000132s ]
INFO: Run Behavior\ParseTemplateBehavior [ RunTime:0.010940s ]
INFO: [ view_parse ] --END-- [ RunTime:0.011000s ]
INFO: [ view_filter ] --START--
INFO: Run Behavior\WriteHtmlCacheBehavior [ RunTime:0.000253s ]
INFO: [ view_filter ] --END-- [ RunTime:0.000283s ]
INFO: [ app_end ] --START--
INFO: Run Behavior\ShowPageTraceBehavior [ RunTime:0.000481s ]
INFO: [ app_end ] --END-- [ RunTime:0.000521s ]

[ 2019-12-07T18:20:18+08:00 ] 117.136.90.97 /Admin/jieshen.html
INFO: [ app_init ] --START--
INFO: Run Behavior\BuildLiteBehavior [ RunTime:0.000012s ]
INFO: [ app_init ] --END-- [ RunTime:0.000324s ]
INFO: [ app_begin ] --START--
INFO: Run Behavior\ReadHtmlCacheBehavior [ RunTime:0.000369s ]
INFO: [ app_begin ] --END-- [ RunTime:0.000402s ]
NOTIC: [2048] Declaration of Home\Controller\AdminController::setlogin() should be compatible with Home\Controller\CommonsController::setlogin($id = '', $name = '') /www/wwwroot/a6.jinziyu.club/My/Home/Controller/AdminController.class.php 第 4 行.
SQL: SHOW COLUMNS FROM `h_shuju` [ RunTime:0.0009s ]
SQL: SHOW COLUMNS FROM `h_qudao` [ RunTime:0.0008s ]
SQL: SHOW COLUMNS FROM `h_user` [ RunTime:0.0007s ]
NOTIC: [8] Undefined variable: map /www/wwwroot/a6.jinziyu.club/My/Home/Controller/AdminController.class.php 第 3299 行.
SQL: SELECT COUNT(*) AS tp_count FROM `h_shuju` LIMIT 1   [ RunTime:0.0001s ]
NOTIC: [8] Undefined variable: map /www/wwwroot/a6.jinziyu.club/My/Home/Controller/AdminController.class.php 第 3305 行.
SQL: SELECT * FROM `h_shuju` ORDER BY addtime desc LIMIT 0,20   [ RunTime:0.0001s ]
INFO: [ view_parse ] --START--
INFO: [ template_filter ] --START--
INFO: Run Behavior\ContentReplaceBehavior [ RunTime:0.000075s ]
INFO: [ template_filter ] --END-- [ RunTime:0.000124s ]
INFO: Run Behavior\ParseTemplateBehavior [ RunTime:0.010230s ]
INFO: [ view_parse ] --END-- [ RunTime:0.010274s ]
INFO: [ view_filter ] --START--
INFO: Run Behavior\WriteHtmlCacheBehavior [ RunTime:0.000210s ]
INFO: [ view_filter ] --END-- [ RunTime:0.000230s ]
INFO: [ app_end ] --START--
INFO: Run Behavior\ShowPageTraceBehavior [ RunTime:0.000566s ]
INFO: [ app_end ] --END-- [ RunTime:0.000602s ]

[ 2019-12-07T18:20:21+08:00 ] 117.136.90.97 /Admin/jieshen.html
INFO: [ app_init ] --START--
INFO: Run Behavior\BuildLiteBehavior [ RunTime:0.000011s ]
INFO: [ app_init ] --END-- [ RunTime:0.000308s ]
INFO: [ app_begin ] --START--
INFO: Run Behavior\ReadHtmlCacheBehavior [ RunTime:0.000358s ]
INFO: [ app_begin ] --END-- [ RunTime:0.000389s ]
NOTIC: [2048] Declaration of Home\Controller\AdminController::setlogin() should be compatible with Home\Controller\CommonsController::setlogin($id = '', $name = '') /www/wwwroot/a6.jinziyu.club/My/Home/Controller/AdminController.class.php 第 4 行.
SQL: SHOW COLUMNS FROM `h_shuju` [ RunTime:0.0010s ]
SQL: SHOW COLUMNS FROM `h_qudao` [ RunTime:0.0009s ]
SQL: SHOW COLUMNS FROM `h_user` [ RunTime:0.0008s ]
NOTIC: [8] Undefined variable: map /www/wwwroot/a6.jinziyu.club/My/Home/Controller/AdminController.class.php 第 3299 行.
SQL: SELECT COUNT(*) AS tp_count FROM `h_shuju` LIMIT 1   [ RunTime:0.0001s ]
NOTIC: [8] Undefined variable: map /www/wwwroot/a6.jinziyu.club/My/Home/Controller/AdminController.class.php 第 3305 行.
SQL: SELECT * FROM `h_shuju` ORDER BY addtime desc LIMIT 0,20   [ RunTime:0.0001s ]
INFO: [ view_parse ] --START--
INFO: [ template_filter ] --START--
INFO: Run Behavior\ContentReplaceBehavior [ RunTime:0.000079s ]
INFO: [ template_filter ] --END-- [ RunTime:0.000136s ]
INFO: Run Behavior\ParseTemplateBehavior [ RunTime:0.011323s ]
INFO: [ view_parse ] --END-- [ RunTime:0.011383s ]
INFO: [ view_filter ] --START--
INFO: Run Behavior\WriteHtmlCacheBehavior [ RunTime:0.000241s ]
INFO: [ view_filter ] --END-- [ RunTime:0.000264s ]
INFO: [ app_end ] --START--
INFO: Run Behavior\ShowPageTraceBehavior [ RunTime:0.000433s ]
INFO: [ app_end ] --END-- [ RunTime:0.000460s ]

[ 2019-12-07T18:20:24+08:00 ] 117.136.90.97 /Admin/jieshen.html
INFO: [ app_init ] --START--
INFO: Run Behavior\BuildLiteBehavior [ RunTime:0.000014s ]
INFO: [ app_init ] --END-- [ RunTime:0.000341s ]
INFO: [ app_begin ] --START--
INFO: Run Behavior\ReadHtmlCacheBehavior [ RunTime:0.000368s ]
INFO: [ app_begin ] --END-- [ RunTime:0.000401s ]
NOTIC: [2048] Declaration of Home\Controller\AdminController::setlogin() should be compatible with Home\Controller\CommonsController::setlogin($id = '', $name = '') /www/wwwroot/a6.jinziyu.club/My/Home/Controller/AdminController.class.php 第 4 行.
SQL: SHOW COLUMNS FROM `h_shuju` [ RunTime:0.0187s ]
SQL: SHOW COLUMNS FROM `h_qudao` [ RunTime:0.0182s ]
SQL: SHOW COLUMNS FROM `h_user` [ RunTime:0.0192s ]
NOTIC: [8] Undefined variable: map /www/wwwroot/a6.jinziyu.club/My/Home/Controller/AdminController.class.php 第 3299 行.
SQL: SELECT COUNT(*) AS tp_count FROM `h_shuju` LIMIT 1   [ RunTime:0.0002s ]
NOTIC: [8] Undefined variable: map /www/wwwroot/a6.jinziyu.club/My/Home/Controller/AdminController.class.php 第 3305 行.
SQL: SELECT * FROM `h_shuju` ORDER BY addtime desc LIMIT 0,20   [ RunTime:0.0001s ]
INFO: [ view_parse ] --START--
INFO: [ template_filter ] --START--
INFO: Run Behavior\ContentReplaceBehavior [ RunTime:0.000087s ]
INFO: [ template_filter ] --END-- [ RunTime:0.000136s ]
INFO: Run Behavior\ParseTemplateBehavior [ RunTime:0.021675s ]
INFO: [ view_parse ] --END-- [ RunTime:0.021741s ]
INFO: [ view_filter ] --START--
INFO: Run Behavior\WriteHtmlCacheBehavior [ RunTime:0.000278s ]
INFO: [ view_filter ] --END-- [ RunTime:0.000306s ]
INFO: [ app_end ] --START--
INFO: Run Behavior\ShowPageTraceBehavior [ RunTime:0.000412s ]
INFO: [ app_end ] --END-- [ RunTime:0.000438s ]

[ 2019-12-07T18:20:28+08:00 ] 117.136.90.97 /Admin/jieshen.html
INFO: [ app_init ] --START--
INFO: Run Behavior\BuildLiteBehavior [ RunTime:0.000013s ]
INFO: [ app_init ] --END-- [ RunTime:0.000321s ]
INFO: [ app_begin ] --START--
INFO: Run Behavior\ReadHtmlCacheBehavior [ RunTime:0.000406s ]
INFO: [ app_begin ] --END-- [ RunTime:0.000448s ]
NOTIC: [2048] Declaration of Home\Controller\AdminController::setlogin() should be compatible with Home\Controller\CommonsController::setlogin($id = '', $name = '') /www/wwwroot/a6.jinziyu.club/My/Home/Controller/AdminController.class.php 第 4 行.
SQL: SHOW COLUMNS FROM `h_shuju` [ RunTime:0.0009s ]
SQL: SHOW COLUMNS FROM `h_qudao` [ RunTime:0.0008s ]
SQL: SHOW COLUMNS FROM `h_user` [ RunTime:0.0008s ]
NOTIC: [8] Undefined variable: map /www/wwwroot/a6.jinziyu.club/My/Home/Controller/AdminController.class.php 第 3299 行.
SQL: SELECT COUNT(*) AS tp_count FROM `h_shuju` LIMIT 1   [ RunTime:0.0001s ]
NOTIC: [8] Undefined variable: map /www/wwwroot/a6.jinziyu.club/My/Home/Controller/AdminController.class.php 第 3305 行.
SQL: SELECT * FROM `h_shuju` ORDER BY addtime desc LIMIT 0,20   [ RunTime:0.0001s ]
INFO: [ view_parse ] --START--
INFO: [ template_filter ] --START--
INFO: Run Behavior\ContentReplaceBehavior [ RunTime:0.000077s ]
INFO: [ template_filter ] --END-- [ RunTime:0.000148s ]
INFO: Run Behavior\ParseTemplateBehavior [ RunTime:0.010860s ]
INFO: [ view_parse ] --END-- [ RunTime:0.010915s ]
INFO: [ view_filter ] --START--
INFO: Run Behavior\WriteHtmlCacheBehavior [ RunTime:0.000240s ]
INFO: [ view_filter ] --END-- [ RunTime:0.000266s ]
INFO: [ app_end ] --START--
INFO: Run Behavior\ShowPageTraceBehavior [ RunTime:0.000429s ]
INFO: [ app_end ] --END-- [ RunTime:0.000456s ]

[ 2019-12-07T18:20:31+08:00 ] 117.136.90.97 /Admin/jieshen.html
INFO: [ app_init ] --START--
INFO: Run Behavior\BuildLiteBehavior [ RunTime:0.000016s ]
INFO: [ app_init ] --END-- [ RunTime:0.000399s ]
INFO: [ app_begin ] --START--
INFO: Run Behavior\ReadHtmlCacheBehavior [ RunTime:0.000403s ]
INFO: [ app_begin ] --END-- [ RunTime:0.000443s ]
NOTIC: [2048] Declaration of Home\Controller\AdminController::setlogin() should be compatible with Home\Controller\CommonsController::setlogin($id = '', $name = '') /www/wwwroot/a6.jinziyu.club/My/Home/Controller/AdminController.class.php 第 4 行.
SQL: SHOW COLUMNS FROM `h_shuju` [ RunTime:0.0009s ]
SQL: SHOW COLUMNS FROM `h_qudao` [ RunTime:0.0009s ]
SQL: SHOW COLUMNS FROM `h_user` [ RunTime:0.0008s ]
NOTIC: [8] Undefined variable: map /www/wwwroot/a6.jinziyu.club/My/Home/Controller/AdminController.class.php 第 3299 行.
SQL: SELECT COUNT(*) AS tp_count FROM `h_shuju` LIMIT 1   [ RunTime:0.0001s ]
NOTIC: [8] Undefined variable: map /www/wwwroot/a6.jinziyu.club/My/Home/Controller/AdminController.class.php 第 3305 行.
SQL: SELECT * FROM `h_shuju` ORDER BY addtime desc LIMIT 0,20   [ RunTime:0.0001s ]
INFO: [ view_parse ] --START--
INFO: [ template_filter ] --START--
INFO: Run Behavior\ContentReplaceBehavior [ RunTime:0.000100s ]
INFO: [ template_filter ] --END-- [ RunTime:0.000158s ]
INFO: Run Behavior\ParseTemplateBehavior [ RunTime:0.010888s ]
INFO: [ view_parse ] --END-- [ RunTime:0.010933s ]
INFO: [ view_filter ] --START--
INFO: Run Behavior\WriteHtmlCacheBehavior [ RunTime:0.000242s ]
INFO: [ view_filter ] --END-- [ RunTime:0.000272s ]
INFO: [ app_end ] --START--
INFO: Run Behavior\ShowPageTraceBehavior [ RunTime:0.001397s ]
INFO: [ app_end ] --END-- [ RunTime:0.001437s ]

[ 2019-12-07T18:20:34+08:00 ] 117.136.90.97 /Admin/jieshen.html
INFO: [ app_init ] --START--
INFO: Run Behavior\BuildLiteBehavior [ RunTime:0.000024s ]
INFO: [ app_init ] --END-- [ RunTime:0.000356s ]
INFO: [ app_begin ] --START--
INFO: Run Behavior\ReadHtmlCacheBehavior [ RunTime:0.000393s ]
INFO: [ app_begin ] --END-- [ RunTime:0.000427s ]
NOTIC: [2048] Declaration of Home\Controller\AdminController::setlogin() should be compatible with Home\Controller\CommonsController::setlogin($id = '', $name = '') /www/wwwroot/a6.jinziyu.club/My/Home/Controller/AdminController.class.php 第 4 行.
SQL: SHOW COLUMNS FROM `h_shuju` [ RunTime:0.0010s ]
SQL: SHOW COLUMNS FROM `h_qudao` [ RunTime:0.0008s ]
SQL: SHOW COLUMNS FROM `h_user` [ RunTime:0.0008s ]
NOTIC: [8] Undefined variable: map /www/wwwroot/a6.jinziyu.club/My/Home/Controller/AdminController.class.php 第 3299 行.
SQL: SELECT COUNT(*) AS tp_count FROM `h_shuju` LIMIT 1   [ RunTime:0.0001s ]
NOTIC: [8] Undefined variable: map /www/wwwroot/a6.jinziyu.club/My/Home/Controller/AdminController.class.php 第 3305 行.
SQL: SELECT * FROM `h_shuju` ORDER BY addtime desc LIMIT 0,20   [ RunTime:0.0001s ]
INFO: [ view_parse ] --START--
INFO: [ template_filter ] --START--
INFO: Run Behavior\ContentReplaceBehavior [ RunTime:0.000080s ]
INFO: [ template_filter ] --END-- [ RunTime:0.000142s ]
INFO: Run Behavior\ParseTemplateBehavior [ RunTime:0.011989s ]
INFO: [ view_parse ] --END-- [ RunTime:0.012047s ]
INFO: [ view_filter ] --START--
INFO: Run Behavior\WriteHtmlCacheBehavior [ RunTime:0.000228s ]
INFO: [ view_filter ] --END-- [ RunTime:0.000250s ]
INFO: [ app_end ] --START--
INFO: Run Behavior\ShowPageTraceBehavior [ RunTime:0.000439s ]
INFO: [ app_end ] --END-- [ RunTime:0.000468s ]

[ 2019-12-07T18:20:37+08:00 ] 117.136.90.97 /Admin/System_index.html
INFO: [ app_init ] --START--
INFO: Run Behavior\BuildLiteBehavior [ RunTime:0.000017s ]
INFO: [ app_init ] --END-- [ RunTime:0.000400s ]
INFO: [ app_begin ] --START--
INFO: Run Behavior\ReadHtmlCacheBehavior [ RunTime:0.000467s ]
INFO: [ app_begin ] --END-- [ RunTime:0.000519s ]
NOTIC: [2048] Declaration of Home\Controller\AdminController::setlogin() should be compatible with Home\Controller\CommonsController::setlogin($id = '', $name = '') /www/wwwroot/a6.jinziyu.club/My/Home/Controller/AdminController.class.php 第 4 行.
SQL: SHOW COLUMNS FROM `h_admin` [ RunTime:0.0009s ]
SQL: SELECT * FROM `h_admin` WHERE `id` = 3 LIMIT 1   [ RunTime:0.0015s ]
INFO: [ view_parse ] --START--
INFO: [ template_filter ] --START--
INFO: Run Behavior\ContentReplaceBehavior [ RunTime:0.000111s ]
INFO: [ template_filter ] --END-- [ RunTime:0.000161s ]
NOTIC: [8] Undefined variable: page /www/wwwroot/a6.jinziyu.club/My/Runtime/Cache/Home/a5783b6cb972e61543f231f51fee22f2.php 第 576 行.
INFO: Run Behavior\ParseTemplateBehavior [ RunTime:0.010853s ]
INFO: [ view_parse ] --END-- [ RunTime:0.010895s ]
INFO: [ view_filter ] --START--
INFO: Run Behavior\WriteHtmlCacheBehavior [ RunTime:0.000196s ]
INFO: [ view_filter ] --END-- [ RunTime:0.000217s ]
INFO: [ app_end ] --START--
INFO: Run Behavior\ShowPageTraceBehavior [ RunTime:0.000377s ]
INFO: [ app_end ] --END-- [ RunTime:0.000402s ]

[ 2019-12-07T18:20:54+08:00 ] 117.136.90.97 /login/login
INFO: [ app_init ] --START--
INFO: Run Behavior\BuildLiteBehavior [ RunTime:0.000015s ]
INFO: [ app_init ] --END-- [ RunTime:0.000389s ]
INFO: [ app_begin ] --START--
INFO: Run Behavior\ReadHtmlCacheBehavior [ RunTime:0.000389s ]
INFO: [ app_begin ] --END-- [ RunTime:0.000431s ]
INFO: [ view_parse ] --START--
INFO: [ template_filter ] --START--
INFO: Run Behavior\ContentReplaceBehavior [ RunTime:0.000044s ]
INFO: [ template_filter ] --END-- [ RunTime:0.000105s ]
INFO: Run Behavior\ParseTemplateBehavior [ RunTime:0.021873s ]
INFO: [ view_parse ] --END-- [ RunTime:0.021928s ]
INFO: [ view_filter ] --START--
INFO: Run Behavior\WriteHtmlCacheBehavior [ RunTime:0.000196s ]
INFO: [ view_filter ] --END-- [ RunTime:0.000218s ]
INFO: [ app_end ] --START--
INFO: Run Behavior\ShowPageTraceBehavior [ RunTime:0.000472s ]
INFO: [ app_end ] --END-- [ RunTime:0.000506s ]

[ 2019-12-07T18:20:55+08:00 ] 117.136.90.97 /login/asset/img/zl-logo.png
INFO: [ app_init ] --START--
INFO: Run Behavior\BuildLiteBehavior [ RunTime:0.000015s ]
INFO: [ app_init ] --END-- [ RunTime:0.000315s ]

[ 2019-12-07T18:21:06+08:00 ] 117.136.90.97 /Login/login.html
INFO: [ app_init ] --START--
INFO: Run Behavior\BuildLiteBehavior [ RunTime:0.000013s ]
INFO: [ app_init ] --END-- [ RunTime:0.000353s ]
INFO: [ app_begin ] --START--
INFO: Run Behavior\ReadHtmlCacheBehavior [ RunTime:0.000442s ]
INFO: [ app_begin ] --END-- [ RunTime:0.000488s ]
SQL: SHOW COLUMNS FROM `h_qudao` [ RunTime:0.0009s ]
SQL: SELECT * FROM `h_qudao` WHERE `mobile` = '18000000000' LIMIT 1   [ RunTime:0.0003s ]

[ 2019-12-07T18:21:13+08:00 ] 117.136.90.97 /admin
INFO: [ app_init ] --START--
INFO: Run Behavior\BuildLiteBehavior [ RunTime:0.000014s ]
INFO: [ app_init ] --END-- [ RunTime:0.000356s ]
INFO: [ app_begin ] --START--
INFO: Run Behavior\ReadHtmlCacheBehavior [ RunTime:0.000418s ]
INFO: [ app_begin ] --END-- [ RunTime:0.000464s ]
NOTIC: [2048] Declaration of Home\Controller\AdminController::setlogin() should be compatible with Home\Controller\CommonsController::setlogin($id = '', $name = '') /www/wwwroot/a6.jinziyu.club/My/Home/Controller/AdminController.class.php 第 4 行.

[ 2019-12-07T18:21:14+08:00 ] 117.136.90.97 /Admin/Main_index.html
INFO: [ app_init ] --START--
INFO: Run Behavior\BuildLiteBehavior [ RunTime:0.000012s ]
INFO: [ app_init ] --END-- [ RunTime:0.000307s ]
INFO: [ app_begin ] --START--
INFO: Run Behavior\ReadHtmlCacheBehavior [ RunTime:0.000364s ]
INFO: [ app_begin ] --END-- [ RunTime:0.000399s ]
NOTIC: [2048] Declaration of Home\Controller\AdminController::setlogin() should be compatible with Home\Controller\CommonsController::setlogin($id = '', $name = '') /www/wwwroot/a6.jinziyu.club/My/Home/Controller/AdminController.class.php 第 4 行.
INFO: [ view_parse ] --START--
INFO: [ template_filter ] --START--
INFO: Run Behavior\ContentReplaceBehavior [ RunTime:0.000083s ]
INFO: [ template_filter ] --END-- [ RunTime:0.000144s ]
INFO: Run Behavior\ParseTemplateBehavior [ RunTime:0.008493s ]
INFO: [ view_parse ] --END-- [ RunTime:0.008531s ]
INFO: [ view_filter ] --START--
INFO: Run Behavior\WriteHtmlCacheBehavior [ RunTime:0.000225s ]
INFO: [ view_filter ] --END-- [ RunTime:0.000252s ]
INFO: [ app_end ] --START--
INFO: Run Behavior\ShowPageTraceBehavior [ RunTime:0.000968s ]
INFO: [ app_end ] --END-- [ RunTime:0.001007s ]

[ 2019-12-07T18:21:14+08:00 ] 117.136.90.97 /Admin/js/commonz.js
INFO: [ app_init ] --START--
INFO: Run Behavior\BuildLiteBehavior [ RunTime:0.000013s ]
INFO: [ app_init ] --END-- [ RunTime:0.000343s ]
INFO: [ app_begin ] --START--
INFO: Run Behavior\ReadHtmlCacheBehavior [ RunTime:0.000408s ]
INFO: [ app_begin ] --END-- [ RunTime:0.000448s ]
NOTIC: [2048] Declaration of Home\Controller\AdminController::setlogin() should be compatible with Home\Controller\CommonsController::setlogin($id = '', $name = '') /www/wwwroot/a6.jinziyu.club/My/Home/Controller/AdminController.class.php 第 4 行.
ERR: 非法操作:js

[ 2019-12-07T18:21:17+08:00 ] 117.136.90.97 /Admin/Qudao_index.html
INFO: [ app_init ] --START--
INFO: Run Behavior\BuildLiteBehavior [ RunTime:0.000013s ]
INFO: [ app_init ] --END-- [ RunTime:0.000333s ]
INFO: [ app_begin ] --START--
INFO: Run Behavior\ReadHtmlCacheBehavior [ RunTime:0.000376s ]
INFO: [ app_begin ] --END-- [ RunTime:0.000414s ]
NOTIC: [2048] Declaration of Home\Controller\AdminController::setlogin() should be compatible with Home\Controller\CommonsController::setlogin($id = '', $name = '') /www/wwwroot/a6.jinziyu.club/My/Home/Controller/AdminController.class.php 第 4 行.
SQL: SHOW COLUMNS FROM `h_qudao` [ RunTime:0.0010s ]
NOTIC: [8] Undefined variable: map /www/wwwroot/a6.jinziyu.club/My/Home/Controller/AdminController.class.php 第 1650 行.
SQL: SELECT COUNT(*) AS tp_count FROM `h_qudao` LIMIT 1   [ RunTime:0.0002s ]
NOTIC: [8] Undefined variable: map /www/wwwroot/a6.jinziyu.club/My/Home/Controller/AdminController.class.php 第 1654 行.
SQL: SELECT * FROM `h_qudao` ORDER BY id Desc LIMIT 0,20   [ RunTime:0.0059s ]
INFO: [ view_parse ] --START--
INFO: [ template_filter ] --START--
INFO: Run Behavior\ContentReplaceBehavior [ RunTime:0.000077s ]
INFO: [ template_filter ] --END-- [ RunTime:0.000119s ]
INFO: Run Behavior\ParseTemplateBehavior [ RunTime:0.010785s ]
INFO: [ view_parse ] --END-- [ RunTime:0.010832s ]
INFO: [ view_filter ] --START--
INFO: Run Behavior\WriteHtmlCacheBehavior [ RunTime:0.000212s ]
INFO: [ view_filter ] --END-- [ RunTime:0.000234s ]
INFO: [ app_end ] --START--
INFO: Run Behavior\ShowPageTraceBehavior [ RunTime:0.000388s ]
INFO: [ app_end ] --END-- [ RunTime:0.000414s ]

[ 2019-12-07T18:21:23+08:00 ] 117.136.90.97 /login/login
INFO: [ app_init ] --START--
INFO: Run Behavior\BuildLiteBehavior [ RunTime:0.000013s ]
INFO: [ app_init ] --END-- [ RunTime:0.000322s ]
INFO: [ app_begin ] --START--
INFO: Run Behavior\ReadHtmlCacheBehavior [ RunTime:0.000375s ]
INFO: [ app_begin ] --END-- [ RunTime:0.000411s ]
INFO: [ view_parse ] --START--
INFO: [ template_filter ] --START--
INFO: Run Behavior\ContentReplaceBehavior [ RunTime:0.000034s ]
INFO: [ template_filter ] --END-- [ RunTime:0.000079s ]
INFO: Run Behavior\ParseTemplateBehavior [ RunTime:0.004406s ]
INFO: [ view_parse ] --END-- [ RunTime:0.004442s ]
INFO: [ view_filter ] --START--
INFO: Run Behavior\WriteHtmlCacheBehavior [ RunTime:0.000176s ]
INFO: [ view_filter ] --END-- [ RunTime:0.000195s ]
INFO: [ app_end ] --START--
INFO: Run Behavior\ShowPageTraceBehavior [ RunTime:0.000456s ]
INFO: [ app_end ] --END-- [ RunTime:0.000486s ]

[ 2019-12-07T18:21:23+08:00 ] 117.136.90.97 /login/asset/img/zl-logo.png
INFO: [ app_init ] --START--
INFO: Run Behavior\BuildLiteBehavior [ RunTime:0.000013s ]
INFO: [ app_init ] --END-- [ RunTime:0.000386s ]

[ 2019-12-07T18:21:27+08:00 ] 117.136.90.97 /Login/login.html
INFO: [ app_init ] --START--
INFO: Run Behavior\BuildLiteBehavior [ RunTime:0.000013s ]
INFO: [ app_init ] --END-- [ RunTime:0.000344s ]
INFO: [ app_begin ] --START--
INFO: Run Behavior\ReadHtmlCacheBehavior [ RunTime:0.000395s ]
INFO: [ app_begin ] --END-- [ RunTime:0.000430s ]
SQL: SHOW COLUMNS FROM `h_qudao` [ RunTime:0.0016s ]
SQL: SELECT * FROM `h_qudao` WHERE `mobile` = '14555555555' LIMIT 1   [ RunTime:0.0003s ]

[ 2019-12-07T18:21:28+08:00 ] 117.136.90.97 /Qudao/Main_index.html
INFO: [ app_init ] --START--
INFO: Run Behavior\BuildLiteBehavior [ RunTime:0.000012s ]
INFO: [ app_init ] --END-- [ RunTime:0.000302s ]
INFO: [ app_begin ] --START--
INFO: Run Behavior\ReadHtmlCacheBehavior [ RunTime:0.000363s ]
INFO: [ app_begin ] --END-- [ RunTime:0.000414s ]
SQL: SHOW COLUMNS FROM `h_qudao` [ RunTime:0.0010s ]
SQL: SELECT * FROM `h_qudao` WHERE `id` = 2 LIMIT 1   [ RunTime:0.0007s ]
INFO: [ view_parse ] --START--
INFO: [ template_filter ] --START--
INFO: Run Behavior\ContentReplaceBehavior [ RunTime:0.000086s ]
INFO: [ template_filter ] --END-- [ RunTime:0.000149s ]
INFO: Run Behavior\ParseTemplateBehavior [ RunTime:0.012585s ]
INFO: [ view_parse ] --END-- [ RunTime:0.012629s ]
INFO: [ view_filter ] --START--
INFO: Run Behavior\WriteHtmlCacheBehavior [ RunTime:0.000227s ]
INFO: [ view_filter ] --END-- [ RunTime:0.000250s ]
INFO: [ app_end ] --START--
INFO: Run Behavior\ShowPageTraceBehavior [ RunTime:0.000457s ]
INFO: [ app_end ] --END-- [ RunTime:0.000485s ]

[ 2019-12-07T18:21:36+08:00 ] 117.136.90.97 /Qudao/Main_index.html
INFO: [ app_init ] --START--
INFO: Run Behavior\BuildLiteBehavior [ RunTime:0.000017s ]
INFO: [ app_init ] --END-- [ RunTime:0.000363s ]
INFO: [ app_begin ] --START--
INFO: Run Behavior\ReadHtmlCacheBehavior [ RunTime:0.000387s ]
INFO: [ app_begin ] --END-- [ RunTime:0.000437s ]
SQL: SHOW COLUMNS FROM `h_qudao` [ RunTime:0.0010s ]
SQL: SELECT * FROM `h_qudao` WHERE `id` = 2 LIMIT 1   [ RunTime:0.0001s ]
INFO: [ view_parse ] --START--
INFO: [ template_filter ] --START--
INFO: Run Behavior\ContentReplaceBehavior [ RunTime:0.000088s ]
INFO: [ template_filter ] --END-- [ RunTime:0.000138s ]
INFO: Run Behavior\ParseTemplateBehavior [ RunTime:0.009563s ]
INFO: [ view_parse ] --END-- [ RunTime:0.009609s ]
INFO: [ view_filter ] --START--
INFO: Run Behavior\WriteHtmlCacheBehavior [ RunTime:0.000445s ]
INFO: [ view_filter ] --END-- [ RunTime:0.000478s ]
INFO: [ app_end ] --START--
INFO: Run Behavior\ShowPageTraceBehavior [ RunTime:0.000467s ]
INFO: [ app_end ] --END-- [ RunTime:0.000504s ]

[ 2019-12-07T18:21:39+08:00 ] 117.136.90.97 /Qudao/Main_index.html
INFO: [ app_init ] --START--
INFO: Run Behavior\BuildLiteBehavior [ RunTime:0.000014s ]
INFO: [ app_init ] --END-- [ RunTime:0.000345s ]
INFO: [ app_begin ] --START--
INFO: Run Behavior\ReadHtmlCacheBehavior [ RunTime:0.000394s ]
INFO: [ app_begin ] --END-- [ RunTime:0.000428s ]
SQL: SHOW COLUMNS FROM `h_qudao` [ RunTime:0.0009s ]
SQL: SELECT * FROM `h_qudao` WHERE `id` = 2 LIMIT 1   [ RunTime:0.0001s ]
INFO: [ view_parse ] --START--
INFO: [ template_filter ] --START--
INFO: Run Behavior\ContentReplaceBehavior [ RunTime:0.000072s ]
INFO: [ template_filter ] --END-- [ RunTime:0.000125s ]
INFO: Run Behavior\ParseTemplateBehavior [ RunTime:0.008605s ]
INFO: [ view_parse ] --END-- [ RunTime:0.008643s ]
INFO: [ view_filter ] --START--
INFO: Run Behavior\WriteHtmlCacheBehavior [ RunTime:0.000189s ]
INFO: [ view_filter ] --END-- [ RunTime:0.000210s ]
INFO: [ app_end ] --START--
INFO: Run Behavior\ShowPageTraceBehavior [ RunTime:0.000393s ]
INFO: [ app_end ] --END-- [ RunTime:0.000419s ]

[ 2019-12-07T18:21:50+08:00 ] 117.136.90.97 /Qudao/Main_add.html
INFO: [ app_init ] --START--
INFO: Run Behavior\BuildLiteBehavior [ RunTime:0.000012s ]
INFO: [ app_init ] --END-- [ RunTime:0.000330s ]
INFO: [ app_begin ] --START--
INFO: Run Behavior\ReadHtmlCacheBehavior [ RunTime:0.000413s ]
INFO: [ app_begin ] --END-- [ RunTime:0.000450s ]
SQL: SHOW COLUMNS FROM `h_qudao` [ RunTime:0.0020s ]
SQL: SELECT * FROM `h_qudao` WHERE `id` = 2 LIMIT 1   [ RunTime:0.0001s ]
NOTIC: [8] Use of undefined constant trim - assumed 'trim' /www/wwwroot/a6.jinziyu.club/My/Home/Controller/QudaoController.class.php 第 25 行.
SQL: UPDATE `h_qudao` SET `yongjin`='8' WHERE `id` = 2 [ RunTime:0.0126s ]

[ 2019-12-07T18:21:51+08:00 ] 117.136.90.97 /Public/js/skin/images/icon.png
INFO: [ app_init ] --START--
INFO: Run Behavior\BuildLiteBehavior [ RunTime:0.000012s ]
INFO: [ app_init ] --END-- [ RunTime:0.000316s ]

[ 2019-12-07T18:21:51+08:00 ] 117.136.90.97 /Qudao/Main_index.html
INFO: [ app_init ] --START--
INFO: Run Behavior\BuildLiteBehavior [ RunTime:0.000013s ]
INFO: [ app_init ] --END-- [ RunTime:0.000324s ]
INFO: [ app_begin ] --START--
INFO: Run Behavior\ReadHtmlCacheBehavior [ RunTime:0.000367s ]
INFO: [ app_begin ] --END-- [ RunTime:0.000400s ]
SQL: SHOW COLUMNS FROM `h_qudao` [ RunTime:0.0023s ]
SQL: SELECT * FROM `h_qudao` WHERE `id` = 2 LIMIT 1   [ RunTime:0.0003s ]
INFO: [ view_parse ] --START--
INFO: [ template_filter ] --START--
INFO: Run Behavior\ContentReplaceBehavior [ RunTime:0.000073s ]
INFO: [ template_filter ] --END-- [ RunTime:0.000121s ]
INFO: Run Behavior\ParseTemplateBehavior [ RunTime:0.009244s ]
INFO: [ view_parse ] --END-- [ RunTime:0.009284s ]
INFO: [ view_filter ] --START--
INFO: Run Behavior\WriteHtmlCacheBehavior [ RunTime:0.000220s ]
INFO: [ view_filter ] --END-- [ RunTime:0.000240s ]
INFO: [ app_end ] --START--
INFO: Run Behavior\ShowPageTraceBehavior [ RunTime:0.000429s ]
INFO: [ app_end ] --END-- [ RunTime:0.000459s ]

[ 2019-12-07T18:22:05+08:00 ] 117.136.90.97 /Admin/jieshen.html
INFO: [ app_init ] --START--
INFO: Run Behavior\BuildLiteBehavior [ RunTime:0.000012s ]
INFO: [ app_init ] --END-- [ RunTime:0.000304s ]
INFO: [ app_begin ] --START--
INFO: Run Behavior\ReadHtmlCacheBehavior [ RunTime:0.000360s ]
INFO: [ app_begin ] --END-- [ RunTime:0.000393s ]
NOTIC: [2048] Declaration of Home\Controller\AdminController::setlogin() should be compatible with Home\Controller\CommonsController::setlogin($id = '', $name = '') /www/wwwroot/a6.jinziyu.club/My/Home/Controller/AdminController.class.php 第 4 行.
SQL: SHOW COLUMNS FROM `h_shuju` [ RunTime:0.0012s ]
SQL: SHOW COLUMNS FROM `h_qudao` [ RunTime:0.0009s ]
SQL: SHOW COLUMNS FROM `h_user` [ RunTime:0.0009s ]
NOTIC: [8] Undefined variable: map /www/wwwroot/a6.jinziyu.club/My/Home/Controller/AdminController.class.php 第 3299 行.
SQL: SELECT COUNT(*) AS tp_count FROM `h_shuju` LIMIT 1   [ RunTime:0.0001s ]
NOTIC: [8] Undefined variable: map /www/wwwroot/a6.jinziyu.club/My/Home/Controller/AdminController.class.php 第 3305 行.
SQL: SELECT * FROM `h_shuju` ORDER BY addtime desc LIMIT 0,20   [ RunTime:0.0001s ]
INFO: [ view_parse ] --START--
INFO: [ template_filter ] --START--
INFO: Run Behavior\ContentReplaceBehavior [ RunTime:0.000088s ]
INFO: [ template_filter ] --END-- [ RunTime:0.000145s ]
INFO: Run Behavior\ParseTemplateBehavior [ RunTime:0.011082s ]
INFO: [ view_parse ] --END-- [ RunTime:0.011129s ]
INFO: [ view_filter ] --START--
INFO: Run Behavior\WriteHtmlCacheBehavior [ RunTime:0.000222s ]
INFO: [ view_filter ] --END-- [ RunTime:0.000252s ]
INFO: [ app_end ] --START--
INFO: Run Behavior\ShowPageTraceBehavior [ RunTime:0.000437s ]
INFO: [ app_end ] --END-- [ RunTime:0.000474s ]

[ 2019-12-07T18:22:09+08:00 ] 117.136.90.97 /Admin/jieshen.html
INFO: [ app_init ] --START--
INFO: Run Behavior\BuildLiteBehavior [ RunTime:0.000013s ]
INFO: [ app_init ] --END-- [ RunTime:0.000327s ]
INFO: [ app_begin ] --START--
INFO: Run Behavior\ReadHtmlCacheBehavior [ RunTime:0.000403s ]
INFO: [ app_begin ] --END-- [ RunTime:0.000437s ]
NOTIC: [2048] Declaration of Home\Controller\AdminController::setlogin() should be compatible with Home\Controller\CommonsController::setlogin($id = '', $name = '') /www/wwwroot/a6.jinziyu.club/My/Home/Controller/AdminController.class.php 第 4 行.
SQL: SHOW COLUMNS FROM `h_shuju` [ RunTime:0.0009s ]
SQL: SHOW COLUMNS FROM `h_qudao` [ RunTime:0.0008s ]
SQL: SHOW COLUMNS FROM `h_user` [ RunTime:0.0008s ]
NOTIC: [8] Undefined variable: map /www/wwwroot/a6.jinziyu.club/My/Home/Controller/AdminController.class.php 第 3299 行.
SQL: SELECT COUNT(*) AS tp_count FROM `h_shuju` LIMIT 1   [ RunTime:0.0001s ]
NOTIC: [8] Undefined variable: map /www/wwwroot/a6.jinziyu.club/My/Home/Controller/AdminController.class.php 第 3305 行.
SQL: SELECT * FROM `h_shuju` ORDER BY addtime desc LIMIT 0,20   [ RunTime:0.0001s ]
INFO: [ view_parse ] --START--
INFO: [ template_filter ] --START--
INFO: Run Behavior\ContentReplaceBehavior [ RunTime:0.000076s ]
INFO: [ template_filter ] --END-- [ RunTime:0.000123s ]
INFO: Run Behavior\ParseTemplateBehavior [ RunTime:0.010653s ]
INFO: [ view_parse ] --END-- [ RunTime:0.010696s ]
INFO: [ view_filter ] --START--
INFO: Run Behavior\WriteHtmlCacheBehavior [ RunTime:0.000208s ]
INFO: [ view_filter ] --END-- [ RunTime:0.000228s ]
INFO: [ app_end ] --START--
INFO: Run Behavior\ShowPageTraceBehavior [ RunTime:0.000441s ]
INFO: [ app_end ] --END-- [ RunTime:0.000471s ]

[ 2019-12-07T18:22:12+08:00 ] 117.136.90.97 /Admin/jieshen.html
INFO: [ app_init ] --START--
INFO: Run Behavior\BuildLiteBehavior [ RunTime:0.000013s ]
INFO: [ app_init ] --END-- [ RunTime:0.000309s ]
INFO: [ app_begin ] --START--
INFO: Run Behavior\ReadHtmlCacheBehavior [ RunTime:0.000370s ]
INFO: [ app_begin ] --END-- [ RunTime:0.000424s ]
NOTIC: [2048] Declaration of Home\Controller\AdminController::setlogin() should be compatible with Home\Controller\CommonsController::setlogin($id = '', $name = '') /www/wwwroot/a6.jinziyu.club/My/Home/Controller/AdminController.class.php 第 4 行.
SQL: SHOW COLUMNS FROM `h_shuju` [ RunTime:0.0010s ]
SQL: SHOW COLUMNS FROM `h_qudao` [ RunTime:0.0008s ]
SQL: SHOW COLUMNS FROM `h_user` [ RunTime:0.0008s ]
NOTIC: [8] Undefined variable: map /www/wwwroot/a6.jinziyu.club/My/Home/Controller/AdminController.class.php 第 3299 行.
SQL: SELECT COUNT(*) AS tp_count FROM `h_shuju` LIMIT 1   [ RunTime:0.0001s ]
NOTIC: [8] Undefined variable: map /www/wwwroot/a6.jinziyu.club/My/Home/Controller/AdminController.class.php 第 3305 行.
SQL: SELECT * FROM `h_shuju` ORDER BY addtime desc LIMIT 0,20   [ RunTime:0.0001s ]
INFO: [ view_parse ] --START--
INFO: [ template_filter ] --START--
INFO: Run Behavior\ContentReplaceBehavior [ RunTime:0.000083s ]
INFO: [ template_filter ] --END-- [ RunTime:0.000136s ]
INFO: Run Behavior\ParseTemplateBehavior [ RunTime:0.011508s ]
INFO: [ view_parse ] --END-- [ RunTime:0.011552s ]
INFO: [ view_filter ] --START--
INFO: Run Behavior\WriteHtmlCacheBehavior [ RunTime:0.000233s ]
INFO: [ view_filter ] --END-- [ RunTime:0.000256s ]
INFO: [ app_end ] --START--
INFO: Run Behavior\ShowPageTraceBehavior [ RunTime:0.000404s ]
INFO: [ app_end ] --END-- [ RunTime:0.000436s ]

[ 2019-12-07T18:22:15+08:00 ] 117.136.90.97 /Admin/jieshen.html
INFO: [ app_init ] --START--
INFO: Run Behavior\BuildLiteBehavior [ RunTime:0.000014s ]
INFO: [ app_init ] --END-- [ RunTime:0.000353s ]
INFO: [ app_begin ] --START--
INFO: Run Behavior\ReadHtmlCacheBehavior [ RunTime:0.000401s ]
INFO: [ app_begin ] --END-- [ RunTime:0.000443s ]
NOTIC: [2048] Declaration of Home\Controller\AdminController::setlogin() should be compatible with Home\Controller\CommonsController::setlogin($id = '', $name = '') /www/wwwroot/a6.jinziyu.club/My/Home/Controller/AdminController.class.php 第 4 行.
SQL: SHOW COLUMNS FROM `h_shuju` [ RunTime:0.0011s ]
SQL: SHOW COLUMNS FROM `h_qudao` [ RunTime:0.0009s ]
SQL: SHOW COLUMNS FROM `h_user` [ RunTime:0.0008s ]
NOTIC: [8] Undefined variable: map /www/wwwroot/a6.jinziyu.club/My/Home/Controller/AdminController.class.php 第 3299 行.
SQL: SELECT COUNT(*) AS tp_count FROM `h_shuju` LIMIT 1   [ RunTime:0.0001s ]
NOTIC: [8] Undefined variable: map /www/wwwroot/a6.jinziyu.club/My/Home/Controller/AdminController.class.php 第 3305 行.
SQL: SELECT * FROM `h_shuju` ORDER BY addtime desc LIMIT 0,20   [ RunTime:0.0001s ]
INFO: [ view_parse ] --START--
INFO: [ template_filter ] --START--
INFO: Run Behavior\ContentReplaceBehavior [ RunTime:0.000076s ]
INFO: [ template_filter ] --END-- [ RunTime:0.000126s ]
INFO: Run Behavior\ParseTemplateBehavior [ RunTime:0.010446s ]
INFO: [ view_parse ] --END-- [ RunTime:0.010509s ]
INFO: [ view_filter ] --START--
INFO: Run Behavior\WriteHtmlCacheBehavior [ RunTime:0.000210s ]
INFO: [ view_filter ] --END-- [ RunTime:0.000231s ]
INFO: [ app_end ] --START--
INFO: Run Behavior\ShowPageTraceBehavior [ RunTime:0.000434s ]
INFO: [ app_end ] --END-- [ RunTime:0.000463s ]

[ 2019-12-07T18:22:18+08:00 ] 117.136.90.97 /Admin/jieshen.html
INFO: [ app_init ] --START--
INFO: Run Behavior\BuildLiteBehavior [ RunTime:0.000014s ]
INFO: [ app_init ] --END-- [ RunTime:0.000351s ]
INFO: [ app_begin ] --START--
INFO: Run Behavior\ReadHtmlCacheBehavior [ RunTime:0.000361s ]
INFO: [ app_begin ] --END-- [ RunTime:0.000395s ]
NOTIC: [2048] Declaration of Home\Controller\AdminController::setlogin() should be compatible with Home\Controller\CommonsController::setlogin($id = '', $name = '') /www/wwwroot/a6.jinziyu.club/My/Home/Controller/AdminController.class.php 第 4 行.
SQL: SHOW COLUMNS FROM `h_shuju` [ RunTime:0.0009s ]
SQL: SHOW COLUMNS FROM `h_qudao` [ RunTime:0.0014s ]
SQL: SHOW COLUMNS FROM `h_user` [ RunTime:0.0008s ]
NOTIC: [8] Undefined variable: map /www/wwwroot/a6.jinziyu.club/My/Home/Controller/AdminController.class.php 第 3299 行.
SQL: SELECT COUNT(*) AS tp_count FROM `h_shuju` LIMIT 1   [ RunTime:0.0001s ]
NOTIC: [8] Undefined variable: map /www/wwwroot/a6.jinziyu.club/My/Home/Controller/AdminController.class.php 第 3305 行.
SQL: SELECT * FROM `h_shuju` ORDER BY addtime desc LIMIT 0,20   [ RunTime:0.0001s ]
INFO: [ view_parse ] --START--
INFO: [ template_filter ] --START--
INFO: Run Behavior\ContentReplaceBehavior [ RunTime:0.000078s ]
INFO: [ template_filter ] --END-- [ RunTime:0.000137s ]
INFO: Run Behavior\ParseTemplateBehavior [ RunTime:0.011577s ]
INFO: [ view_parse ] --END-- [ RunTime:0.011626s ]
INFO: [ view_filter ] --START--
INFO: Run Behavior\WriteHtmlCacheBehavior [ RunTime:0.000255s ]
INFO: [ view_filter ] --END-- [ RunTime:0.000292s ]
INFO: [ app_end ] --START--
INFO: Run Behavior\ShowPageTraceBehavior [ RunTime:0.000447s ]
INFO: [ app_end ] --END-- [ RunTime:0.000478s ]

[ 2019-12-07T18:22:21+08:00 ] 117.136.90.97 /login/login
INFO: [ app_init ] --START--
INFO: Run Behavior\BuildLiteBehavior [ RunTime:0.000014s ]
INFO: [ app_init ] --END-- [ RunTime:0.000345s ]
INFO: [ app_begin ] --START--
INFO: Run Behavior\ReadHtmlCacheBehavior [ RunTime:0.000363s ]
INFO: [ app_begin ] --END-- [ RunTime:0.000396s ]
INFO: [ view_parse ] --START--
INFO: [ template_filter ] --START--
INFO: Run Behavior\ContentReplaceBehavior [ RunTime:0.000034s ]
INFO: [ template_filter ] --END-- [ RunTime:0.000076s ]
INFO: Run Behavior\ParseTemplateBehavior [ RunTime:0.004239s ]
INFO: [ view_parse ] --END-- [ RunTime:0.004271s ]
INFO: [ view_filter ] --START--
INFO: Run Behavior\WriteHtmlCacheBehavior [ RunTime:0.000172s ]
INFO: [ view_filter ] --END-- [ RunTime:0.000192s ]
INFO: [ app_end ] --START--
INFO: Run Behavior\ShowPageTraceBehavior [ RunTime:0.000461s ]
INFO: [ app_end ] --END-- [ RunTime:0.000491s ]

[ 2019-12-07T18:22:21+08:00 ] 117.136.90.97 /login/asset/img/zl-logo.png
INFO: [ app_init ] --START--
INFO: Run Behavior\BuildLiteBehavior [ RunTime:0.000012s ]
INFO: [ app_init ] --END-- [ RunTime:0.000308s ]

[ 2019-12-07T18:22:23+08:00 ] 117.136.90.97 /Login/login.html
INFO: [ app_init ] --START--
INFO: Run Behavior\BuildLiteBehavior [ RunTime:0.000013s ]
INFO: [ app_init ] --END-- [ RunTime:0.000323s ]
INFO: [ app_begin ] --START--
INFO: Run Behavior\ReadHtmlCacheBehavior [ RunTime:0.000382s ]
INFO: [ app_begin ] --END-- [ RunTime:0.000416s ]
SQL: SHOW COLUMNS FROM `h_qudao` [ RunTime:0.0009s ]
SQL: SELECT * FROM `h_qudao` WHERE `mobile` = '14555555555' LIMIT 1   [ RunTime:0.0002s ]

[ 2019-12-07T18:22:24+08:00 ] 117.136.90.97 /Qudao/Main_index.html
INFO: [ app_init ] --START--
INFO: Run Behavior\BuildLiteBehavior [ RunTime:0.000014s ]
INFO: [ app_init ] --END-- [ RunTime:0.000392s ]
INFO: [ app_begin ] --START--
INFO: Run Behavior\ReadHtmlCacheBehavior [ RunTime:0.000425s ]
INFO: [ app_begin ] --END-- [ RunTime:0.000461s ]
SQL: SHOW COLUMNS FROM `h_qudao` [ RunTime:0.0010s ]
SQL: SELECT * FROM `h_qudao` WHERE `id` = 2 LIMIT 1   [ RunTime:0.0001s ]
INFO: [ view_parse ] --START--
INFO: [ template_filter ] --START--
INFO: Run Behavior\ContentReplaceBehavior [ RunTime:0.000081s ]
INFO: [ template_filter ] --END-- [ RunTime:0.000143s ]
INFO: Run Behavior\ParseTemplateBehavior [ RunTime:0.009103s ]
INFO: [ view_parse ] --END-- [ RunTime:0.009141s ]
INFO: [ view_filter ] --START--
INFO: Run Behavior\WriteHtmlCacheBehavior [ RunTime:0.000221s ]
INFO: [ view_filter ] --END-- [ RunTime:0.000242s ]
INFO: [ app_end ] --START--
INFO: Run Behavior\ShowPageTraceBehavior [ RunTime:0.000929s ]
INFO: [ app_end ] --END-- [ RunTime:0.000963s ]

[ 2019-12-07T18:22:27+08:00 ] 117.136.90.97 /Qudao/Main_index.html
INFO: [ app_init ] --START--
INFO: Run Behavior\BuildLiteBehavior [ RunTime:0.000014s ]
INFO: [ app_init ] --END-- [ RunTime:0.000366s ]
INFO: [ app_begin ] --START--
INFO: Run Behavior\ReadHtmlCacheBehavior [ RunTime:0.000424s ]
INFO: [ app_begin ] --END-- [ RunTime:0.000465s ]
SQL: SHOW COLUMNS FROM `h_qudao` [ RunTime:0.0010s ]
SQL: SELECT * FROM `h_qudao` WHERE `id` = 2 LIMIT 1   [ RunTime:0.0001s ]
INFO: [ view_parse ] --START--
INFO: [ template_filter ] --START--
INFO: Run Behavior\ContentReplaceBehavior [ RunTime:0.000072s ]
INFO: [ template_filter ] --END-- [ RunTime:0.000120s ]
INFO: Run Behavior\ParseTemplateBehavior [ RunTime:0.009066s ]
INFO: [ view_parse ] --END-- [ RunTime:0.009105s ]
INFO: [ view_filter ] --START--
INFO: Run Behavior\WriteHtmlCacheBehavior [ RunTime:0.000196s ]
INFO: [ view_filter ] --END-- [ RunTime:0.000217s ]
INFO: [ app_end ] --START--
INFO: Run Behavior\ShowPageTraceBehavior [ RunTime:0.000398s ]
INFO: [ app_end ] --END-- [ RunTime:0.000432s ]

[ 2019-12-07T18:22:39+08:00 ] 117.136.90.97 /favicon.ico
INFO: [ app_init ] --START--
INFO: Run Behavior\BuildLiteBehavior [ RunTime:0.000017s ]
INFO: [ app_init ] --END-- [ RunTime:0.000403s ]

[ 2019-12-07T18:22:39+08:00 ] 117.136.90.97 /admin
INFO: [ app_init ] --START--
INFO: Run Behavior\BuildLiteBehavior [ RunTime:0.000011s ]
INFO: [ app_init ] --END-- [ RunTime:0.000304s ]
INFO: [ app_begin ] --START--
INFO: Run Behavior\ReadHtmlCacheBehavior [ RunTime:0.000363s ]
INFO: [ app_begin ] --END-- [ RunTime:0.000396s ]
NOTIC: [2048] Declaration of Home\Controller\AdminController::setlogin() should be compatible with Home\Controller\CommonsController::setlogin($id = '', $name = '') /www/wwwroot/a6.jinziyu.club/My/Home/Controller/AdminController.class.php 第 4 行.

[ 2019-12-07T18:22:39+08:00 ] 117.136.90.97 /Log/login.html
INFO: [ app_init ] --START--
INFO: Run Behavior\BuildLiteBehavior [ RunTime:0.000019s ]
INFO: [ app_init ] --END-- [ RunTime:0.000378s ]
INFO: [ app_begin ] --START--
INFO: Run Behavior\ReadHtmlCacheBehavior [ RunTime:0.000432s ]
INFO: [ app_begin ] --END-- [ RunTime:0.000477s ]
INFO: [ view_parse ] --START--
INFO: [ template_filter ] --START--
INFO: Run Behavior\ContentReplaceBehavior [ RunTime:0.000047s ]
INFO: [ template_filter ] --END-- [ RunTime:0.000119s ]
NOTIC: [8] Undefined variable: titles /www/wwwroot/a6.jinziyu.club/My/Runtime/Cache/Home/7dadd9f764eff1f6ba13c2542ccf3baa.php 第 52 行.
INFO: Run Behavior\ParseTemplateBehavior [ RunTime:0.004483s ]
INFO: [ view_parse ] --END-- [ RunTime:0.004524s ]
INFO: [ view_filter ] --START--
INFO: Run Behavior\WriteHtmlCacheBehavior [ RunTime:0.000253s ]
INFO: [ view_filter ] --END-- [ RunTime:0.000288s ]
INFO: [ app_end ] --START--
INFO: Run Behavior\ShowPageTraceBehavior [ RunTime:0.000467s ]
INFO: [ app_end ] --END-- [ RunTime:0.000505s ]

[ 2019-12-07T18:22:43+08:00 ] 117.136.90.97 /login
INFO: [ app_init ] --START--
INFO: Run Behavior\BuildLiteBehavior [ RunTime:0.000018s ]
INFO: [ app_init ] --END-- [ RunTime:0.000418s ]
INFO: [ app_begin ] --START--
INFO: Run Behavior\ReadHtmlCacheBehavior [ RunTime:0.000470s ]
INFO: [ app_begin ] --END-- [ RunTime:0.000513s ]
INFO: [ view_parse ] --START--
INFO: [ template_filter ] --START--
INFO: Run Behavior\ContentReplaceBehavior [ RunTime:0.000043s ]
INFO: [ template_filter ] --END-- [ RunTime:0.000112s ]
INFO: Run Behavior\ParseTemplateBehavior [ RunTime:0.018421s ]
INFO: [ view_parse ] --END-- [ RunTime:0.018468s ]
INFO: [ view_filter ] --START--
INFO: Run Behavior\WriteHtmlCacheBehavior [ RunTime:0.000210s ]
INFO: [ view_filter ] --END-- [ RunTime:0.000237s ]
INFO: [ app_end ] --START--
INFO: Run Behavior\ShowPageTraceBehavior [ RunTime:0.000485s ]
INFO: [ app_end ] --END-- [ RunTime:0.000529s ]

[ 2019-12-07T18:22:44+08:00 ] 117.136.90.97 /Public/static/js/swiper.min.js
INFO: [ app_init ] --START--
INFO: Run Behavior\BuildLiteBehavior [ RunTime:0.000012s ]
INFO: [ app_init ] --END-- [ RunTime:0.000314s ]
INFO: [ app_begin ] --START--
INFO: Run Behavior\ReadHtmlCacheBehavior [ RunTime:0.000364s ]
INFO: [ app_begin ] --END-- [ RunTime:0.000397s ]
ERR: 无法加载控制器:Public

[ 2019-12-07T18:22:46+08:00 ] 117.136.90.97 /Public/static/js/swiper.min.js
INFO: [ app_init ] --START--
INFO: Run Behavior\BuildLiteBehavior [ RunTime:0.000015s ]
INFO: [ app_init ] --END-- [ RunTime:0.000377s ]
INFO: [ app_begin ] --START--
INFO: Run Behavior\ReadHtmlCacheBehavior [ RunTime:0.000358s ]
INFO: [ app_begin ] --END-- [ RunTime:0.000400s ]
ERR: 无法加载控制器:Public

[ 2019-12-07T18:22:52+08:00 ] 117.136.90.97 /login/login.html
INFO: [ app_init ] --START--
INFO: Run Behavior\BuildLiteBehavior [ RunTime:0.000013s ]
INFO: [ app_init ] --END-- [ RunTime:0.000332s ]
INFO: [ app_begin ] --START--
INFO: Run Behavior\ReadHtmlCacheBehavior [ RunTime:0.000379s ]
INFO: [ app_begin ] --END-- [ RunTime:0.000411s ]
INFO: [ view_parse ] --START--
INFO: [ template_filter ] --START--
INFO: Run Behavior\ContentReplaceBehavior [ RunTime:0.000033s ]
INFO: [ template_filter ] --END-- [ RunTime:0.000076s ]
INFO: Run Behavior\ParseTemplateBehavior [ RunTime:0.004230s ]
INFO: [ view_parse ] --END-- [ RunTime:0.004259s ]
INFO: [ view_filter ] --START--
INFO: Run Behavior\WriteHtmlCacheBehavior [ RunTime:0.000182s ]
INFO: [ view_filter ] --END-- [ RunTime:0.000201s ]
INFO: [ app_end ] --START--
INFO: Run Behavior\ShowPageTraceBehavior [ RunTime:0.000367s ]
INFO: [ app_end ] --END-- [ RunTime:0.000389s ]

[ 2019-12-07T18:22:53+08:00 ] 117.136.90.97 /login/asset/img/zl-logo.png
INFO: [ app_init ] --START--
INFO: Run Behavior\BuildLiteBehavior [ RunTime:0.000012s ]
INFO: [ app_init ] --END-- [ RunTime:0.000317s ]

[ 2019-12-07T18:22:59+08:00 ] 117.136.90.97 /Login/login.html
INFO: [ app_init ] --START--
INFO: Run Behavior\BuildLiteBehavior [ RunTime:0.000014s ]
INFO: [ app_init ] --END-- [ RunTime:0.000347s ]
INFO: [ app_begin ] --START--
INFO: Run Behavior\ReadHtmlCacheBehavior [ RunTime:0.000371s ]
INFO: [ app_begin ] --END-- [ RunTime:0.000402s ]
SQL: SHOW COLUMNS FROM `h_qudao` [ RunTime:0.0011s ]
SQL: SELECT * FROM `h_qudao` WHERE `mobile` = '14555555555' LIMIT 1   [ RunTime:0.0001s ]

[ 2019-12-07T18:23:00+08:00 ] 117.136.90.97 /Qudao/Main_index.html
INFO: [ app_init ] --START--
INFO: Run Behavior\BuildLiteBehavior [ RunTime:0.000012s ]
INFO: [ app_init ] --END-- [ RunTime:0.000347s ]
INFO: [ app_begin ] --START--
INFO: Run Behavior\ReadHtmlCacheBehavior [ RunTime:0.000404s ]
INFO: [ app_begin ] --END-- [ RunTime:0.000444s ]
SQL: SHOW COLUMNS FROM `h_qudao` [ RunTime:0.0011s ]
SQL: SELECT * FROM `h_qudao` WHERE `id` = 2 LIMIT 1   [ RunTime:0.0001s ]
INFO: [ view_parse ] --START--
INFO: [ template_filter ] --START--
INFO: Run Behavior\ContentReplaceBehavior [ RunTime:0.000084s ]
INFO: [ template_filter ] --END-- [ RunTime:0.000138s ]
INFO: Run Behavior\ParseTemplateBehavior [ RunTime:0.009821s ]
INFO: [ view_parse ] --END-- [ RunTime:0.009862s ]
INFO: [ view_filter ] --START--
INFO: Run Behavior\WriteHtmlCacheBehavior [ RunTime:0.000221s ]
INFO: [ view_filter ] --END-- [ RunTime:0.000242s ]
INFO: [ app_end ] --START--
INFO: Run Behavior\ShowPageTraceBehavior [ RunTime:0.000492s ]
INFO: [ app_end ] --END-- [ RunTime:0.000532s ]

[ 2019-12-07T18:23:29+08:00 ] 117.136.90.97 /Qudao/list_add.html
INFO: [ app_init ] --START--
INFO: Run Behavior\BuildLiteBehavior [ RunTime:0.000012s ]
INFO: [ app_init ] --END-- [ RunTime:0.000303s ]
INFO: [ app_begin ] --START--
INFO: Run Behavior\ReadHtmlCacheBehavior [ RunTime:0.000357s ]
INFO: [ app_begin ] --END-- [ RunTime:0.000390s ]
SQL: SHOW COLUMNS FROM `h_qudao` [ RunTime:0.0009s ]
SQL: SELECT * FROM `h_qudao` WHERE `id` = 2 LIMIT 1   [ RunTime:0.0001s ]
SQL: SHOW COLUMNS FROM `h_shuju` [ RunTime:0.0008s ]
INFO: [ view_parse ] --START--
INFO: [ template_filter ] --START--
INFO: Run Behavior\ContentReplaceBehavior [ RunTime:0.000095s ]
INFO: [ template_filter ] --END-- [ RunTime:0.000151s ]
INFO: Run Behavior\ParseTemplateBehavior [ RunTime:0.027079s ]
INFO: [ view_parse ] --END-- [ RunTime:0.027129s ]
INFO: [ view_filter ] --START--
INFO: Run Behavior\WriteHtmlCacheBehavior [ RunTime:0.000209s ]
INFO: [ view_filter ] --END-- [ RunTime:0.000240s ]
INFO: [ app_end ] --START--
INFO: Run Behavior\ShowPageTraceBehavior [ RunTime:0.000435s ]
INFO: [ app_end ] --END-- [ RunTime:0.000467s ]

[ 2019-12-07T18:23:41+08:00 ] 117.136.90.97 /Qudao/jieshen.html
INFO: [ app_init ] --START--
INFO: Run Behavior\BuildLiteBehavior [ RunTime:0.000018s ]
INFO: [ app_init ] --END-- [ RunTime:0.000343s ]
INFO: [ app_begin ] --START--
INFO: Run Behavior\ReadHtmlCacheBehavior [ RunTime:0.000393s ]
INFO: [ app_begin ] --END-- [ RunTime:0.000427s ]
SQL: SHOW COLUMNS FROM `h_shuju` [ RunTime:0.0009s ]
SQL: SHOW COLUMNS FROM `h_qudao` [ RunTime:0.0008s ]
SQL: SHOW COLUMNS FROM `h_user` [ RunTime:0.0008s ]
SQL: SELECT COUNT(*) AS tp_count FROM `h_shuju` WHERE `rel` = '2' LIMIT 1   [ RunTime:0.0327s ]
SQL: SELECT * FROM `h_shuju` WHERE `rel` = '2' ORDER BY addtime desc LIMIT 0,20   [ RunTime:0.0005s ]
INFO: [ view_parse ] --START--
INFO: [ template_filter ] --START--
INFO: Run Behavior\ContentReplaceBehavior [ RunTime:0.000073s ]
INFO: [ template_filter ] --END-- [ RunTime:0.000128s ]
INFO: Run Behavior\ParseTemplateBehavior [ RunTime:0.024421s ]
INFO: [ view_parse ] --END-- [ RunTime:0.024465s ]
INFO: [ view_filter ] --START--
INFO: Run Behavior\WriteHtmlCacheBehavior [ RunTime:0.000228s ]
INFO: [ view_filter ] --END-- [ RunTime:0.000249s ]
INFO: [ app_end ] --START--
INFO: Run Behavior\ShowPageTraceBehavior [ RunTime:0.000397s ]
INFO: [ app_end ] --END-- [ RunTime:0.000423s ]

[ 2019-12-07T18:23:58+08:00 ] 117.136.90.97 /Qudao/Main_index.html
INFO: [ app_init ] --START--
INFO: Run Behavior\BuildLiteBehavior [ RunTime:0.000018s ]
INFO: [ app_init ] --END-- [ RunTime:0.000361s ]
INFO: [ app_begin ] --START--
INFO: Run Behavior\ReadHtmlCacheBehavior [ RunTime:0.000381s ]
INFO: [ app_begin ] --END-- [ RunTime:0.000420s ]
SQL: SHOW COLUMNS FROM `h_qudao` [ RunTime:0.0010s ]
SQL: SELECT * FROM `h_qudao` WHERE `id` = 2 LIMIT 1   [ RunTime:0.0001s ]
INFO: [ view_parse ] --START--
INFO: [ template_filter ] --START--
INFO: Run Behavior\ContentReplaceBehavior [ RunTime:0.000090s ]
INFO: [ template_filter ] --END-- [ RunTime:0.000158s ]
INFO: Run Behavior\ParseTemplateBehavior [ RunTime:0.009423s ]
INFO: [ view_parse ] --END-- [ RunTime:0.009465s ]
INFO: [ view_filter ] --START--
INFO: Run Behavior\WriteHtmlCacheBehavior [ RunTime:0.000203s ]
INFO: [ view_filter ] --END-- [ RunTime:0.000223s ]
INFO: [ app_end ] --START--
INFO: Run Behavior\ShowPageTraceBehavior [ RunTime:0.000415s ]
INFO: [ app_end ] --END-- [ RunTime:0.000441s ]

[ 2019-12-07T18:24:02+08:00 ] 117.136.90.97 /Admin/logout.html
INFO: [ app_init ] --START--
INFO: Run Behavior\BuildLiteBehavior [ RunTime:0.000018s ]
INFO: [ app_init ] --END-- [ RunTime:0.000340s ]
INFO: [ app_begin ] --START--
INFO: Run Behavior\ReadHtmlCacheBehavior [ RunTime:0.000456s ]
INFO: [ app_begin ] --END-- [ RunTime:0.000502s ]
NOTIC: [2048] Declaration of Home\Controller\AdminController::setlogin() should be compatible with Home\Controller\CommonsController::setlogin($id = '', $name = '') /www/wwwroot/a6.jinziyu.club/My/Home/Controller/AdminController.class.php 第 4 行.

[ 2019-12-07T18:24:02+08:00 ] 117.136.90.97 /Admin/Index/login.html.html
INFO: [ app_init ] --START--
INFO: Run Behavior\BuildLiteBehavior [ RunTime:0.000015s ]
INFO: [ app_init ] --END-- [ RunTime:0.000381s ]
INFO: [ app_begin ] --START--
INFO: Run Behavior\ReadHtmlCacheBehavior [ RunTime:0.000493s ]
INFO: [ app_begin ] --END-- [ RunTime:0.000537s ]
NOTIC: [2048] Declaration of Home\Controller\AdminController::setlogin() should be compatible with Home\Controller\CommonsController::setlogin($id = '', $name = '') /www/wwwroot/a6.jinziyu.club/My/Home/Controller/AdminController.class.php 第 4 行.

[ 2019-12-07T18:24:03+08:00 ] 117.136.90.97 /Log/login.html
INFO: [ app_init ] --START--
INFO: Run Behavior\BuildLiteBehavior [ RunTime:0.000012s ]
INFO: [ app_init ] --END-- [ RunTime:0.000319s ]
INFO: [ app_begin ] --START--
INFO: Run Behavior\ReadHtmlCacheBehavior [ RunTime:0.000368s ]
INFO: [ app_begin ] --END-- [ RunTime:0.000398s ]
INFO: [ view_parse ] --START--
INFO: [ template_filter ] --START--
INFO: Run Behavior\ContentReplaceBehavior [ RunTime:0.000031s ]
INFO: [ template_filter ] --END-- [ RunTime:0.000069s ]
NOTIC: [8] Undefined variable: titles /www/wwwroot/a6.jinziyu.club/My/Runtime/Cache/Home/7dadd9f764eff1f6ba13c2542ccf3baa.php 第 52 行.
INFO: Run Behavior\ParseTemplateBehavior [ RunTime:0.003648s ]
INFO: [ view_parse ] --END-- [ RunTime:0.003673s ]
INFO: [ view_filter ] --START--
INFO: Run Behavior\WriteHtmlCacheBehavior [ RunTime:0.000167s ]
INFO: [ view_filter ] --END-- [ RunTime:0.000186s ]
INFO: [ app_end ] --START--
INFO: Run Behavior\ShowPageTraceBehavior [ RunTime:0.000360s ]
INFO: [ app_end ] --END-- [ RunTime:0.000383s ]

[ 2019-12-07T20:01:02+08:00 ] 117.132.183.17 /
INFO: [ app_init ] --START--
INFO: Run Behavior\BuildLiteBehavior [ RunTime:0.000018s ]
INFO: [ app_init ] --END-- [ RunTime:0.000419s ]
INFO: [ app_begin ] --START--
INFO: Run Behavior\ReadHtmlCacheBehavior [ RunTime:0.000497s ]
INFO: [ app_begin ] --END-- [ RunTime:0.000551s ]

[ 2019-12-07T20:01:03+08:00 ] 117.132.183.17 /login.html
INFO: [ app_init ] --START--
INFO: Run Behavior\BuildLiteBehavior [ RunTime:0.000020s ]
INFO: [ app_init ] --END-- [ RunTime:0.000422s ]
INFO: [ app_begin ] --START--
INFO: Run Behavior\ReadHtmlCacheBehavior [ RunTime:0.000434s ]
INFO: [ app_begin ] --END-- [ RunTime:0.000478s ]
INFO: [ view_parse ] --START--
INFO: [ template_filter ] --START--
INFO: Run Behavior\ContentReplaceBehavior [ RunTime:0.000042s ]
INFO: [ template_filter ] --END-- [ RunTime:0.000099s ]
INFO: Run Behavior\ParseTemplateBehavior [ RunTime:0.005071s ]
INFO: [ view_parse ] --END-- [ RunTime:0.005105s ]
INFO: [ view_filter ] --START--
INFO: Run Behavior\WriteHtmlCacheBehavior [ RunTime:0.000198s ]
INFO: [ view_filter ] --END-- [ RunTime:0.000218s ]
INFO: [ app_end ] --START--
INFO: Run Behavior\ShowPageTraceBehavior [ RunTime:0.000428s ]
INFO: [ app_end ] --END-- [ RunTime:0.000456s ]

[ 2019-12-07T20:01:03+08:00 ] 117.132.183.17 /Public/static/js/swiper.min.js
INFO: [ app_init ] --START--
INFO: Run Behavior\BuildLiteBehavior [ RunTime:0.000012s ]
INFO: [ app_init ] --END-- [ RunTime:0.000308s ]
INFO: [ app_begin ] --START--
INFO: Run Behavior\ReadHtmlCacheBehavior [ RunTime:0.000665s ]
INFO: [ app_begin ] --END-- [ RunTime:0.000709s ]
ERR: 无法加载控制器:Public

[ 2019-12-07T20:01:03+08:00 ] 117.132.183.17 /Public/static/js/swiper.min.js
INFO: [ app_init ] --START--
INFO: Run Behavior\BuildLiteBehavior [ RunTime:0.000013s ]
INFO: [ app_init ] --END-- [ RunTime:0.000369s ]
INFO: [ app_begin ] --START--
INFO: Run Behavior\ReadHtmlCacheBehavior [ RunTime:0.000423s ]
INFO: [ app_begin ] --END-- [ RunTime:0.000465s ]
ERR: 无法加载控制器:Public

