[ 2020-01-02T12:40:56+08:00 ] 60.255.187.70 /admin
INFO: [ app_init ] --START--
INFO: Run Behavior\BuildLiteBehavior [ RunTime:0.000016s ]
INFO: [ app_init ] --END-- [ RunTime:0.003527s ]
INFO: [ app_begin ] --START--
INFO: Run Behavior\ReadHtmlCacheBehavior [ RunTime:0.001285s ]
INFO: [ app_begin ] --END-- [ RunTime:0.001366s ]
NOTIC: [2048] Declaration of Home\Controller\AdminController::setlogin() should be compatible with Home\Controller\CommonsController::setlogin($id = '', $name = '') /www/wwwroot/a6.jinziyu.club/My/Home/Controller/AdminController.class.php 第 4 行.

[ 2020-01-02T12:40:56+08:00 ] 60.255.187.70 /Log/login.html
INFO: [ app_init ] --START--
INFO: Run Behavior\BuildLiteBehavior [ RunTime:0.000012s ]
INFO: [ app_init ] --END-- [ RunTime:0.000337s ]
INFO: [ app_begin ] --START--
INFO: Run Behavior\ReadHtmlCacheBehavior [ RunTime:0.000394s ]
INFO: [ app_begin ] --END-- [ RunTime:0.000429s ]
INFO: [ view_parse ] --START--
INFO: [ template_filter ] --START--
INFO: Run Behavior\ContentReplaceBehavior [ RunTime:0.000035s ]
INFO: [ template_filter ] --END-- [ RunTime:0.000087s ]
NOTIC: [8] Undefined variable: titles /www/wwwroot/a6.jinziyu.club/My/Runtime/Cache/Home/7dadd9f764eff1f6ba13c2542ccf3baa.php 第 52 行.
INFO: Run Behavior\ParseTemplateBehavior [ RunTime:0.033524s ]
INFO: [ view_parse ] --END-- [ RunTime:0.033597s ]
INFO: [ view_filter ] --START--
INFO: Run Behavior\WriteHtmlCacheBehavior [ RunTime:0.004714s ]
INFO: [ view_filter ] --END-- [ RunTime:0.004778s ]
INFO: [ app_end ] --START--
INFO: Run Behavior\ShowPageTraceBehavior [ RunTime:0.006897s ]
INFO: [ app_end ] --END-- [ RunTime:0.006957s ]

[ 2020-01-02T12:40:57+08:00 ] 58.251.121.184 /Log/login.html
INFO: [ app_init ] --START--
INFO: Run Behavior\BuildLiteBehavior [ RunTime:0.000016s ]
INFO: [ app_init ] --END-- [ RunTime:0.000345s ]
INFO: [ app_begin ] --START--
INFO: Run Behavior\ReadHtmlCacheBehavior [ RunTime:0.000419s ]
INFO: [ app_begin ] --END-- [ RunTime:0.000459s ]
INFO: [ view_parse ] --START--
INFO: [ template_filter ] --START--
INFO: Run Behavior\ContentReplaceBehavior [ RunTime:0.000051s ]
INFO: [ template_filter ] --END-- [ RunTime:0.000091s ]
NOTIC: [8] Undefined variable: titles /www/wwwroot/a6.jinziyu.club/My/Runtime/Cache/Home/7dadd9f764eff1f6ba13c2542ccf3baa.php 第 52 行.
INFO: Run Behavior\ParseTemplateBehavior [ RunTime:0.004140s ]
INFO: [ view_parse ] --END-- [ RunTime:0.004173s ]
INFO: [ view_filter ] --START--
INFO: Run Behavior\WriteHtmlCacheBehavior [ RunTime:0.000192s ]
INFO: [ view_filter ] --END-- [ RunTime:0.000216s ]
INFO: [ app_end ] --START--
INFO: Run Behavior\ShowPageTraceBehavior [ RunTime:0.000424s ]
INFO: [ app_end ] --END-- [ RunTime:0.000454s ]

[ 2020-01-02T12:41:04+08:00 ] 60.255.187.70 /favicon.ico
INFO: [ app_init ] --START--
INFO: Run Behavior\BuildLiteBehavior [ RunTime:0.000013s ]
INFO: [ app_init ] --END-- [ RunTime:0.000329s ]

[ 2020-01-02T12:41:12+08:00 ] 60.255.187.70 /Log/login
INFO: [ app_init ] --START--
INFO: Run Behavior\BuildLiteBehavior [ RunTime:0.000012s ]
INFO: [ app_init ] --END-- [ RunTime:0.000330s ]
INFO: [ app_begin ] --START--
INFO: Run Behavior\ReadHtmlCacheBehavior [ RunTime:0.000372s ]
INFO: [ app_begin ] --END-- [ RunTime:0.000408s ]
SQL: SHOW COLUMNS FROM `h_admin` [ RunTime:0.0131s ]
NOTIC: [8] Undefined variable: validate /www/wwwroot/a6.jinziyu.club/My/Home/Controller/LogController.class.php 第 14 行.
NOTIC: [8] Undefined index: validate /www/wwwroot/a6.jinziyu.club/Name/Library/Think/Model.class.php 第 1185 行.
NOTIC: [8] Undefined index: auto /www/wwwroot/a6.jinziyu.club/Name/Library/Think/Model.class.php 第 1128 行.
SQL: SELECT * FROM `h_admin` WHERE `username` = 'admin' AND `password` = '22666d978f0b0b67d420d416ae7ec363' LIMIT 1   [ RunTime:0.0092s ]
SQL: SHOW COLUMNS FROM `h_admin_login` [ RunTime:0.0080s ]
SQL: INSERT INTO `h_admin_login` (`username`,`logintime`,`loginip`) VALUES ('admin','1577940072','60.255.187.70') [ RunTime:0.0326s ]
SQL: UPDATE `h_admin` SET `lastlogin`='1577940072' WHERE `username` = 'admin' [ RunTime:0.0003s ]
INFO: [ view_parse ] --START--
INFO: [ template_filter ] --START--
INFO: Run Behavior\ContentReplaceBehavior [ RunTime:0.000038s ]
INFO: [ template_filter ] --END-- [ RunTime:0.000101s ]
INFO: Run Behavior\ParseTemplateBehavior [ RunTime:0.005891s ]
INFO: [ view_parse ] --END-- [ RunTime:0.005945s ]
INFO: [ view_filter ] --START--
INFO: Run Behavior\WriteHtmlCacheBehavior [ RunTime:0.000236s ]
INFO: [ view_filter ] --END-- [ RunTime:0.000266s ]

[ 2020-01-02T12:41:14+08:00 ] 58.251.121.185 /Admin/Main_index.html
INFO: [ app_init ] --START--
INFO: Run Behavior\BuildLiteBehavior [ RunTime:0.000012s ]
INFO: [ app_init ] --END-- [ RunTime:0.000310s ]
INFO: [ app_begin ] --START--
INFO: Run Behavior\ReadHtmlCacheBehavior [ RunTime:0.000376s ]
INFO: [ app_begin ] --END-- [ RunTime:0.000409s ]
NOTIC: [2048] Declaration of Home\Controller\AdminController::setlogin() should be compatible with Home\Controller\CommonsController::setlogin($id = '', $name = '') /www/wwwroot/a6.jinziyu.club/My/Home/Controller/AdminController.class.php 第 4 行.

[ 2020-01-02T12:41:14+08:00 ] 58.251.121.185 /Log/login.html
INFO: [ app_init ] --START--
INFO: Run Behavior\BuildLiteBehavior [ RunTime:0.000013s ]
INFO: [ app_init ] --END-- [ RunTime:0.000330s ]
INFO: [ app_begin ] --START--
INFO: Run Behavior\ReadHtmlCacheBehavior [ RunTime:0.000375s ]
INFO: [ app_begin ] --END-- [ RunTime:0.000407s ]
INFO: [ view_parse ] --START--
INFO: [ template_filter ] --START--
INFO: Run Behavior\ContentReplaceBehavior [ RunTime:0.000031s ]
INFO: [ template_filter ] --END-- [ RunTime:0.000068s ]
NOTIC: [8] Undefined variable: titles /www/wwwroot/a6.jinziyu.club/My/Runtime/Cache/Home/7dadd9f764eff1f6ba13c2542ccf3baa.php 第 52 行.
INFO: Run Behavior\ParseTemplateBehavior [ RunTime:0.003656s ]
INFO: [ view_parse ] --END-- [ RunTime:0.003682s ]
INFO: [ view_filter ] --START--
INFO: Run Behavior\WriteHtmlCacheBehavior [ RunTime:0.000166s ]
INFO: [ view_filter ] --END-- [ RunTime:0.000184s ]
INFO: [ app_end ] --START--
INFO: Run Behavior\ShowPageTraceBehavior [ RunTime:0.000365s ]
INFO: [ app_end ] --END-- [ RunTime:0.000389s ]

[ 2020-01-02T12:41:14+08:00 ] 60.255.187.70 /Admin/Main_index.html
INFO: [ app_init ] --START--
INFO: Run Behavior\BuildLiteBehavior [ RunTime:0.000012s ]
INFO: [ app_init ] --END-- [ RunTime:0.000339s ]
INFO: [ app_begin ] --START--
INFO: Run Behavior\ReadHtmlCacheBehavior [ RunTime:0.000370s ]
INFO: [ app_begin ] --END-- [ RunTime:0.000404s ]
NOTIC: [2048] Declaration of Home\Controller\AdminController::setlogin() should be compatible with Home\Controller\CommonsController::setlogin($id = '', $name = '') /www/wwwroot/a6.jinziyu.club/My/Home/Controller/AdminController.class.php 第 4 行.
INFO: [ view_parse ] --START--
INFO: [ template_filter ] --START--
INFO: Run Behavior\ContentReplaceBehavior [ RunTime:0.000091s ]
INFO: [ template_filter ] --END-- [ RunTime:0.000166s ]
INFO: Run Behavior\ParseTemplateBehavior [ RunTime:0.134792s ]
INFO: [ view_parse ] --END-- [ RunTime:0.134872s ]
INFO: [ view_filter ] --START--
INFO: Run Behavior\WriteHtmlCacheBehavior [ RunTime:0.000305s ]
INFO: [ view_filter ] --END-- [ RunTime:0.000356s ]
INFO: [ app_end ] --START--
INFO: Run Behavior\ShowPageTraceBehavior [ RunTime:0.000489s ]
INFO: [ app_end ] --END-- [ RunTime:0.000525s ]

[ 2020-01-02T12:41:20+08:00 ] 60.255.187.70 /Admin/js/commonz.js
INFO: [ app_init ] --START--
INFO: Run Behavior\BuildLiteBehavior [ RunTime:0.000013s ]
INFO: [ app_init ] --END-- [ RunTime:0.000391s ]
INFO: [ app_begin ] --START--
INFO: Run Behavior\ReadHtmlCacheBehavior [ RunTime:0.000493s ]
INFO: [ app_begin ] --END-- [ RunTime:0.000541s ]
NOTIC: [2048] Declaration of Home\Controller\AdminController::setlogin() should be compatible with Home\Controller\CommonsController::setlogin($id = '', $name = '') /www/wwwroot/a6.jinziyu.club/My/Home/Controller/AdminController.class.php 第 4 行.
ERR: 非法操作:js

[ 2020-01-02T12:41:22+08:00 ] 60.255.187.70 /Admin/js/commonz.js
INFO: [ app_init ] --START--
INFO: Run Behavior\BuildLiteBehavior [ RunTime:0.000011s ]
INFO: [ app_init ] --END-- [ RunTime:0.000307s ]
INFO: [ app_begin ] --START--
INFO: Run Behavior\ReadHtmlCacheBehavior [ RunTime:0.000345s ]
INFO: [ app_begin ] --END-- [ RunTime:0.000375s ]
NOTIC: [2048] Declaration of Home\Controller\AdminController::setlogin() should be compatible with Home\Controller\CommonsController::setlogin($id = '', $name = '') /www/wwwroot/a6.jinziyu.club/My/Home/Controller/AdminController.class.php 第 4 行.
ERR: 非法操作:js

[ 2020-01-02T12:41:40+08:00 ] 60.255.187.70 /Admin/User_index.html
INFO: [ app_init ] --START--
INFO: Run Behavior\BuildLiteBehavior [ RunTime:0.000016s ]
INFO: [ app_init ] --END-- [ RunTime:0.000329s ]
INFO: [ app_begin ] --START--
INFO: Run Behavior\ReadHtmlCacheBehavior [ RunTime:0.000404s ]
INFO: [ app_begin ] --END-- [ RunTime:0.000457s ]
NOTIC: [2048] Declaration of Home\Controller\AdminController::setlogin() should be compatible with Home\Controller\CommonsController::setlogin($id = '', $name = '') /www/wwwroot/a6.jinziyu.club/My/Home/Controller/AdminController.class.php 第 4 行.
SQL: SHOW COLUMNS FROM `h_user` [ RunTime:0.0418s ]
NOTIC: [8] Undefined variable: map /www/wwwroot/a6.jinziyu.club/My/Home/Controller/AdminController.class.php 第 1509 行.
SQL: SELECT COUNT(*) AS tp_count FROM `h_user` LIMIT 1   [ RunTime:0.0002s ]
NOTIC: [8] Undefined variable: map /www/wwwroot/a6.jinziyu.club/My/Home/Controller/AdminController.class.php 第 1513 行.
SQL: SELECT * FROM `h_user` ORDER BY id Desc LIMIT 0,20   [ RunTime:0.0251s ]
INFO: [ view_parse ] --START--
INFO: [ template_filter ] --START--
INFO: Run Behavior\ContentReplaceBehavior [ RunTime:0.000092s ]
INFO: [ template_filter ] --END-- [ RunTime:0.000157s ]
INFO: Run Behavior\ParseTemplateBehavior [ RunTime:0.031311s ]
INFO: [ view_parse ] --END-- [ RunTime:0.031368s ]
INFO: [ view_filter ] --START--
INFO: Run Behavior\WriteHtmlCacheBehavior [ RunTime:0.000234s ]
INFO: [ view_filter ] --END-- [ RunTime:0.000256s ]
INFO: [ app_end ] --START--
INFO: Run Behavior\ShowPageTraceBehavior [ RunTime:0.000442s ]
INFO: [ app_end ] --END-- [ RunTime:0.000471s ]

[ 2020-01-02T12:41:49+08:00 ] 60.255.187.70 /Admin/User_edit/id/2.html
INFO: [ app_init ] --START--
INFO: Run Behavior\BuildLiteBehavior [ RunTime:0.000017s ]
INFO: [ app_init ] --END-- [ RunTime:0.000380s ]
INFO: [ app_begin ] --START--
INFO: Run Behavior\ReadHtmlCacheBehavior [ RunTime:0.000434s ]
INFO: [ app_begin ] --END-- [ RunTime:0.000471s ]
NOTIC: [2048] Declaration of Home\Controller\AdminController::setlogin() should be compatible with Home\Controller\CommonsController::setlogin($id = '', $name = '') /www/wwwroot/a6.jinziyu.club/My/Home/Controller/AdminController.class.php 第 4 行.
SQL: SHOW COLUMNS FROM `h_admin` [ RunTime:0.0010s ]
SQL: SELECT * FROM `h_admin` WHERE `id` = 3 LIMIT 1   [ RunTime:0.0003s ]
SQL: SHOW COLUMNS FROM `h_user` [ RunTime:0.0009s ]
SQL: SELECT * FROM `h_user` WHERE `id` = 2 LIMIT 1   [ RunTime:0.0002s ]
INFO: [ view_parse ] --START--
INFO: [ template_filter ] --START--
INFO: Run Behavior\ContentReplaceBehavior [ RunTime:0.000063s ]
INFO: [ template_filter ] --END-- [ RunTime:0.000111s ]
NOTIC: [8] Use of undefined constant vip - assumed 'vip' /www/wwwroot/a6.jinziyu.club/My/Runtime/Cache/Home/6571fcb0e9c2f86e9aef940fcf7b3687.php 第 470 行.
NOTIC: [8] Use of undefined constant vip - assumed 'vip' /www/wwwroot/a6.jinziyu.club/My/Runtime/Cache/Home/6571fcb0e9c2f86e9aef940fcf7b3687.php 第 480 行.
INFO: Run Behavior\ParseTemplateBehavior [ RunTime:0.020486s ]
INFO: [ view_parse ] --END-- [ RunTime:0.020539s ]
INFO: [ view_filter ] --START--
INFO: Run Behavior\WriteHtmlCacheBehavior [ RunTime:0.000213s ]
INFO: [ view_filter ] --END-- [ RunTime:0.000232s ]
INFO: [ app_end ] --START--
INFO: Run Behavior\ShowPageTraceBehavior [ RunTime:0.000472s ]
INFO: [ app_end ] --END-- [ RunTime:0.000501s ]

[ 2020-01-02T12:41:52+08:00 ] 101.89.19.197 /admin
INFO: [ app_init ] --START--
INFO: Run Behavior\BuildLiteBehavior [ RunTime:0.000011s ]
INFO: [ app_init ] --END-- [ RunTime:0.000302s ]
INFO: [ app_begin ] --START--
INFO: Run Behavior\ReadHtmlCacheBehavior [ RunTime:0.000352s ]
INFO: [ app_begin ] --END-- [ RunTime:0.000389s ]
NOTIC: [2048] Declaration of Home\Controller\AdminController::setlogin() should be compatible with Home\Controller\CommonsController::setlogin($id = '', $name = '') /www/wwwroot/a6.jinziyu.club/My/Home/Controller/AdminController.class.php 第 4 行.

[ 2020-01-02T12:42:06+08:00 ] 60.255.187.70 /Admin/Qudao_index.html
INFO: [ app_init ] --START--
INFO: Run Behavior\BuildLiteBehavior [ RunTime:0.000016s ]
INFO: [ app_init ] --END-- [ RunTime:0.000420s ]
INFO: [ app_begin ] --START--
INFO: Run Behavior\ReadHtmlCacheBehavior [ RunTime:0.000528s ]
INFO: [ app_begin ] --END-- [ RunTime:0.000583s ]
NOTIC: [2048] Declaration of Home\Controller\AdminController::setlogin() should be compatible with Home\Controller\CommonsController::setlogin($id = '', $name = '') /www/wwwroot/a6.jinziyu.club/My/Home/Controller/AdminController.class.php 第 4 行.
SQL: SHOW COLUMNS FROM `h_qudao` [ RunTime:0.0262s ]
NOTIC: [8] Undefined variable: map /www/wwwroot/a6.jinziyu.club/My/Home/Controller/AdminController.class.php 第 1650 行.
SQL: SELECT COUNT(*) AS tp_count FROM `h_qudao` LIMIT 1   [ RunTime:0.0004s ]
NOTIC: [8] Undefined variable: map /www/wwwroot/a6.jinziyu.club/My/Home/Controller/AdminController.class.php 第 1654 行.
SQL: SELECT * FROM `h_qudao` ORDER BY id Desc LIMIT 0,20   [ RunTime:0.0090s ]
INFO: [ view_parse ] --START--
INFO: [ template_filter ] --START--
INFO: Run Behavior\ContentReplaceBehavior [ RunTime:0.000092s ]
INFO: [ template_filter ] --END-- [ RunTime:0.000143s ]
INFO: Run Behavior\ParseTemplateBehavior [ RunTime:0.059513s ]
INFO: [ view_parse ] --END-- [ RunTime:0.059580s ]
INFO: [ view_filter ] --START--
INFO: Run Behavior\WriteHtmlCacheBehavior [ RunTime:0.000250s ]
INFO: [ view_filter ] --END-- [ RunTime:0.000280s ]
INFO: [ app_end ] --START--
INFO: Run Behavior\ShowPageTraceBehavior [ RunTime:0.000518s ]
INFO: [ app_end ] --END-- [ RunTime:0.000549s ]

[ 2020-01-02T12:42:12+08:00 ] 60.255.187.70 /Admin/Qudao_edit/id/2.html
INFO: [ app_init ] --START--
INFO: Run Behavior\BuildLiteBehavior [ RunTime:0.000016s ]
INFO: [ app_init ] --END-- [ RunTime:0.000314s ]
INFO: [ app_begin ] --START--
INFO: Run Behavior\ReadHtmlCacheBehavior [ RunTime:0.000360s ]
INFO: [ app_begin ] --END-- [ RunTime:0.000394s ]
NOTIC: [2048] Declaration of Home\Controller\AdminController::setlogin() should be compatible with Home\Controller\CommonsController::setlogin($id = '', $name = '') /www/wwwroot/a6.jinziyu.club/My/Home/Controller/AdminController.class.php 第 4 行.
SQL: SHOW COLUMNS FROM `h_admin` [ RunTime:0.0011s ]
SQL: SELECT * FROM `h_admin` WHERE `id` = 3 LIMIT 1   [ RunTime:0.0001s ]
SQL: SHOW COLUMNS FROM `h_qudao` [ RunTime:0.0007s ]
SQL: SELECT * FROM `h_qudao` WHERE `id` = 2 LIMIT 1   [ RunTime:0.0002s ]
INFO: [ view_parse ] --START--
INFO: [ template_filter ] --START--
INFO: Run Behavior\ContentReplaceBehavior [ RunTime:0.000068s ]
INFO: [ template_filter ] --END-- [ RunTime:0.000124s ]
NOTIC: [8] Use of undefined constant vip - assumed 'vip' /www/wwwroot/a6.jinziyu.club/My/Runtime/Cache/Home/e1d204ae5fece169218688afe3110162.php 第 470 行.
NOTIC: [8] Use of undefined constant vip - assumed 'vip' /www/wwwroot/a6.jinziyu.club/My/Runtime/Cache/Home/e1d204ae5fece169218688afe3110162.php 第 480 行.
INFO: Run Behavior\ParseTemplateBehavior [ RunTime:0.039972s ]
INFO: [ view_parse ] --END-- [ RunTime:0.040045s ]
INFO: [ view_filter ] --START--
INFO: Run Behavior\WriteHtmlCacheBehavior [ RunTime:0.000235s ]
INFO: [ view_filter ] --END-- [ RunTime:0.000257s ]
INFO: [ app_end ] --START--
INFO: Run Behavior\ShowPageTraceBehavior [ RunTime:0.000450s ]
INFO: [ app_end ] --END-- [ RunTime:0.000486s ]

[ 2020-01-02T12:42:14+08:00 ] 180.97.118.219 /Admin/Main_index.html
INFO: [ app_init ] --START--
INFO: Run Behavior\BuildLiteBehavior [ RunTime:0.000014s ]
INFO: [ app_init ] --END-- [ RunTime:0.000368s ]
INFO: [ app_begin ] --START--
INFO: Run Behavior\ReadHtmlCacheBehavior [ RunTime:0.000399s ]
INFO: [ app_begin ] --END-- [ RunTime:0.000437s ]
NOTIC: [2048] Declaration of Home\Controller\AdminController::setlogin() should be compatible with Home\Controller\CommonsController::setlogin($id = '', $name = '') /www/wwwroot/a6.jinziyu.club/My/Home/Controller/AdminController.class.php 第 4 行.

[ 2020-01-02T12:42:29+08:00 ] 60.255.187.70 /Admin/User_index.html
INFO: [ app_init ] --START--
INFO: Run Behavior\BuildLiteBehavior [ RunTime:0.000013s ]
INFO: [ app_init ] --END-- [ RunTime:0.000393s ]
INFO: [ app_begin ] --START--
INFO: Run Behavior\ReadHtmlCacheBehavior [ RunTime:0.000456s ]
INFO: [ app_begin ] --END-- [ RunTime:0.000502s ]
NOTIC: [2048] Declaration of Home\Controller\AdminController::setlogin() should be compatible with Home\Controller\CommonsController::setlogin($id = '', $name = '') /www/wwwroot/a6.jinziyu.club/My/Home/Controller/AdminController.class.php 第 4 行.
SQL: SHOW COLUMNS FROM `h_user` [ RunTime:0.0010s ]
NOTIC: [8] Undefined variable: map /www/wwwroot/a6.jinziyu.club/My/Home/Controller/AdminController.class.php 第 1509 行.
SQL: SELECT COUNT(*) AS tp_count FROM `h_user` LIMIT 1   [ RunTime:0.0001s ]
NOTIC: [8] Undefined variable: map /www/wwwroot/a6.jinziyu.club/My/Home/Controller/AdminController.class.php 第 1513 行.
SQL: SELECT * FROM `h_user` ORDER BY id Desc LIMIT 0,20   [ RunTime:0.0001s ]
INFO: [ view_parse ] --START--
INFO: [ template_filter ] --START--
INFO: Run Behavior\ContentReplaceBehavior [ RunTime:0.000098s ]
INFO: [ template_filter ] --END-- [ RunTime:0.000150s ]
INFO: Run Behavior\ParseTemplateBehavior [ RunTime:0.011349s ]
INFO: [ view_parse ] --END-- [ RunTime:0.011395s ]
INFO: [ view_filter ] --START--
INFO: Run Behavior\WriteHtmlCacheBehavior [ RunTime:0.000207s ]
INFO: [ view_filter ] --END-- [ RunTime:0.000230s ]
INFO: [ app_end ] --START--
INFO: Run Behavior\ShowPageTraceBehavior [ RunTime:0.000425s ]
INFO: [ app_end ] --END-- [ RunTime:0.000456s ]

[ 2020-01-02T12:42:40+08:00 ] 180.97.118.219 /Admin/User_index.html
INFO: [ app_init ] --START--
INFO: Run Behavior\BuildLiteBehavior [ RunTime:0.000013s ]
INFO: [ app_init ] --END-- [ RunTime:0.000391s ]
INFO: [ app_begin ] --START--
INFO: Run Behavior\ReadHtmlCacheBehavior [ RunTime:0.000420s ]
INFO: [ app_begin ] --END-- [ RunTime:0.000457s ]
NOTIC: [2048] Declaration of Home\Controller\AdminController::setlogin() should be compatible with Home\Controller\CommonsController::setlogin($id = '', $name = '') /www/wwwroot/a6.jinziyu.club/My/Home/Controller/AdminController.class.php 第 4 行.

[ 2020-01-02T12:42:53+08:00 ] 101.89.239.238 /Admin/User_edit/id/2.html
INFO: [ app_init ] --START--
INFO: Run Behavior\BuildLiteBehavior [ RunTime:0.000011s ]
INFO: [ app_init ] --END-- [ RunTime:0.000299s ]
INFO: [ app_begin ] --START--
INFO: Run Behavior\ReadHtmlCacheBehavior [ RunTime:0.000357s ]
INFO: [ app_begin ] --END-- [ RunTime:0.000389s ]
NOTIC: [2048] Declaration of Home\Controller\AdminController::setlogin() should be compatible with Home\Controller\CommonsController::setlogin($id = '', $name = '') /www/wwwroot/a6.jinziyu.club/My/Home/Controller/AdminController.class.php 第 4 行.

[ 2020-01-02T12:43:08+08:00 ] 58.247.206.156 /Admin/Qudao_index.html
INFO: [ app_init ] --START--
INFO: Run Behavior\BuildLiteBehavior [ RunTime:0.000012s ]
INFO: [ app_init ] --END-- [ RunTime:0.000343s ]
INFO: [ app_begin ] --START--
INFO: Run Behavior\ReadHtmlCacheBehavior [ RunTime:0.000396s ]
INFO: [ app_begin ] --END-- [ RunTime:0.000442s ]
NOTIC: [2048] Declaration of Home\Controller\AdminController::setlogin() should be compatible with Home\Controller\CommonsController::setlogin($id = '', $name = '') /www/wwwroot/a6.jinziyu.club/My/Home/Controller/AdminController.class.php 第 4 行.

[ 2020-01-02T12:43:12+08:00 ] 58.247.206.141 /Admin/Qudao_edit/id/2.html
INFO: [ app_init ] --START--
INFO: Run Behavior\BuildLiteBehavior [ RunTime:0.000013s ]
INFO: [ app_init ] --END-- [ RunTime:0.000314s ]
INFO: [ app_begin ] --START--
INFO: Run Behavior\ReadHtmlCacheBehavior [ RunTime:0.000351s ]
INFO: [ app_begin ] --END-- [ RunTime:0.000383s ]
NOTIC: [2048] Declaration of Home\Controller\AdminController::setlogin() should be compatible with Home\Controller\CommonsController::setlogin($id = '', $name = '') /www/wwwroot/a6.jinziyu.club/My/Home/Controller/AdminController.class.php 第 4 行.

[ 2020-01-02T13:59:15+08:00 ] 101.132.134.94 /
INFO: [ app_init ] --START--
INFO: Run Behavior\BuildLiteBehavior [ RunTime:0.000015s ]
INFO: [ app_init ] --END-- [ RunTime:0.000319s ]
INFO: [ app_begin ] --START--
INFO: Run Behavior\ReadHtmlCacheBehavior [ RunTime:0.000356s ]
INFO: [ app_begin ] --END-- [ RunTime:0.000395s ]

[ 2020-01-02T13:59:15+08:00 ] 101.132.134.94 /login.html
INFO: [ app_init ] --START--
INFO: Run Behavior\BuildLiteBehavior [ RunTime:0.000015s ]
INFO: [ app_init ] --END-- [ RunTime:0.000355s ]
INFO: [ app_begin ] --START--
INFO: Run Behavior\ReadHtmlCacheBehavior [ RunTime:0.000415s ]
INFO: [ app_begin ] --END-- [ RunTime:0.000452s ]
INFO: [ view_parse ] --START--
INFO: [ template_filter ] --START--
INFO: Run Behavior\ContentReplaceBehavior [ RunTime:0.000038s ]
INFO: [ template_filter ] --END-- [ RunTime:0.000097s ]
INFO: Run Behavior\ParseTemplateBehavior [ RunTime:0.022139s ]
INFO: [ view_parse ] --END-- [ RunTime:0.022214s ]
INFO: [ view_filter ] --START--
INFO: Run Behavior\WriteHtmlCacheBehavior [ RunTime:0.000219s ]
INFO: [ view_filter ] --END-- [ RunTime:0.000262s ]
INFO: [ app_end ] --START--
INFO: Run Behavior\ShowPageTraceBehavior [ RunTime:0.000422s ]
INFO: [ app_end ] --END-- [ RunTime:0.000490s ]

[ 2020-01-02T13:59:17+08:00 ] 101.132.134.94 /Index/index.html
INFO: [ app_init ] --START--
INFO: Run Behavior\BuildLiteBehavior [ RunTime:0.000013s ]
INFO: [ app_init ] --END-- [ RunTime:0.000318s ]
INFO: [ app_begin ] --START--
INFO: Run Behavior\ReadHtmlCacheBehavior [ RunTime:0.000368s ]
INFO: [ app_begin ] --END-- [ RunTime:0.000402s ]

[ 2020-01-02T13:59:17+08:00 ] 101.132.134.94 /login.html
INFO: [ app_init ] --START--
INFO: Run Behavior\BuildLiteBehavior [ RunTime:0.000013s ]
INFO: [ app_init ] --END-- [ RunTime:0.000300s ]
INFO: [ app_begin ] --START--
INFO: Run Behavior\ReadHtmlCacheBehavior [ RunTime:0.000351s ]
INFO: [ app_begin ] --END-- [ RunTime:0.000382s ]
INFO: [ view_parse ] --START--
INFO: [ template_filter ] --START--
INFO: Run Behavior\ContentReplaceBehavior [ RunTime:0.000033s ]
INFO: [ template_filter ] --END-- [ RunTime:0.000071s ]
INFO: Run Behavior\ParseTemplateBehavior [ RunTime:0.004036s ]
INFO: [ view_parse ] --END-- [ RunTime:0.004069s ]
INFO: [ view_filter ] --START--
INFO: Run Behavior\WriteHtmlCacheBehavior [ RunTime:0.000168s ]
INFO: [ view_filter ] --END-- [ RunTime:0.000187s ]
INFO: [ app_end ] --START--
INFO: Run Behavior\ShowPageTraceBehavior [ RunTime:0.000377s ]
INFO: [ app_end ] --END-- [ RunTime:0.000402s ]

